{"/home/cbiale/Escritorio/proyecto_final/aplicaciones/backend/app.js": {"path":"/home/cbiale/Escritorio/proyecto_final/aplicaciones/backend/app.js","statementMap":{"0":{"start":{"line":3,"column":16},"end":{"line":3,"column":34}},"1":{"start":{"line":4,"column":20},"end":{"line":4,"column":43}},"2":{"start":{"line":5,"column":17},"end":{"line":5,"column":44}},"3":{"start":{"line":7,"column":14},"end":{"line":7,"column":39}},"4":{"start":{"line":8,"column":13},"end":{"line":8,"column":28}},"5":{"start":{"line":9,"column":16},"end":{"line":9,"column":38}},"6":{"start":{"line":11,"column":0},"end":{"line":85,"column":1}},"7":{"start":{"line":12,"column":21},"end":{"line":12,"column":38}},"8":{"start":{"line":20,"column":4},"end":{"line":20,"column":40}},"9":{"start":{"line":22,"column":27},"end":{"line":30,"column":5}},"10":{"start":{"line":32,"column":4},"end":{"line":40,"column":10}},"11":{"start":{"line":38,"column":12},"end":{"line":38,"column":48}},"12":{"start":{"line":38,"column":23},"end":{"line":38,"column":48}},"13":{"start":{"line":39,"column":12},"end":{"line":39,"column":81}},"14":{"start":{"line":45,"column":4},"end":{"line":47,"column":6}},"15":{"start":{"line":51,"column":4},"end":{"line":56,"column":6}},"16":{"start":{"line":59,"column":4},"end":{"line":64,"column":7}},"17":{"start":{"line":59,"column":51},"end":{"line":64,"column":5}},"18":{"start":{"line":75,"column":4},"end":{"line":82,"column":7}},"19":{"start":{"line":75,"column":51},"end":{"line":82,"column":5}},"20":{"start":{"line":83,"column":4},"end":{"line":83,"column":64}},"21":{"start":{"line":84,"column":4},"end":{"line":84,"column":19}}},"fnMap":{"0":{"name":"build","decl":{"start":{"line":11,"column":32},"end":{"line":11,"column":37}},"loc":{"start":{"line":11,"column":54},"end":{"line":85,"column":1}},"line":11},"1":{"name":"(anonymous_1)","decl":{"start":{"line":37,"column":15},"end":{"line":37,"column":16}},"loc":{"start":{"line":37,"column":26},"end":{"line":40,"column":9}},"line":37},"2":{"name":"(anonymous_2)","decl":{"start":{"line":59,"column":38},"end":{"line":59,"column":39}},"loc":{"start":{"line":59,"column":51},"end":{"line":64,"column":5}},"line":59},"3":{"name":"(anonymous_3)","decl":{"start":{"line":75,"column":38},"end":{"line":75,"column":39}},"loc":{"start":{"line":75,"column":51},"end":{"line":82,"column":5}},"line":75}},"branchMap":{"0":{"loc":{"start":{"line":11,"column":39},"end":{"line":11,"column":52}},"type":"default-arg","locations":[{"start":{"line":11,"column":50},"end":{"line":11,"column":52}}],"line":11},"1":{"loc":{"start":{"line":38,"column":12},"end":{"line":38,"column":48}},"type":"if","locations":[{"start":{"line":38,"column":12},"end":{"line":38,"column":48}},{"start":{},"end":{}}],"line":38},"2":{"loc":{"start":{"line":46,"column":13},"end":{"line":46,"column":70}},"type":"binary-expr","locations":[{"start":{"line":46,"column":13},"end":{"line":46,"column":31}},{"start":{"line":46,"column":35},"end":{"line":46,"column":70}}],"line":46}},"s":{"0":9,"1":9,"2":9,"3":9,"4":9,"5":9,"6":9,"7":9,"8":9,"9":9,"10":9,"11":9,"12":0,"13":9,"14":9,"15":9,"16":9,"17":9,"18":9,"19":9,"20":9,"21":9},"f":{"0":9,"1":9,"2":9,"3":9},"b":{"0":[9],"1":[0,9],"2":[9,9]},"_coverageSchema":"1a1c01bbd47fc00a2c39e90264f33305004495a9","hash":"523a2db8d85c042ee32224abbcc80c92ce3f1e48"}
,"/home/cbiale/Escritorio/proyecto_final/aplicaciones/backend/plugins/autenticar.js": {"path":"/home/cbiale/Escritorio/proyecto_final/aplicaciones/backend/plugins/autenticar.js","statementMap":{"0":{"start":{"line":3,"column":11},"end":{"line":3,"column":36}},"1":{"start":{"line":6,"column":35},"end":{"line":6,"column":43}},"2":{"start":{"line":8,"column":4},"end":{"line":10,"column":6}},"3":{"start":{"line":13,"column":4},"end":{"line":22,"column":6}},"4":{"start":{"line":14,"column":8},"end":{"line":21,"column":9}},"5":{"start":{"line":18,"column":26},"end":{"line":18,"column":51}},"6":{"start":{"line":20,"column":12},"end":{"line":20,"column":80}},"7":{"start":{"line":26,"column":0},"end":{"line":26,"column":31}}},"fnMap":{"0":{"name":"autenticar","decl":{"start":{"line":5,"column":15},"end":{"line":5,"column":25}},"loc":{"start":{"line":5,"column":42},"end":{"line":23,"column":1}},"line":5},"1":{"name":"(anonymous_1)","decl":{"start":{"line":13,"column":36},"end":{"line":13,"column":37}},"loc":{"start":{"line":13,"column":68},"end":{"line":22,"column":5}},"line":13}},"branchMap":{},"s":{"0":9,"1":9,"2":9,"3":9,"4":37,"5":37,"6":0,"7":9},"f":{"0":9,"1":37},"b":{},"_coverageSchema":"1a1c01bbd47fc00a2c39e90264f33305004495a9","hash":"e615c218f4620c19693f90ade544e2aefd074e04"}
,"/home/cbiale/Escritorio/proyecto_final/aplicaciones/backend/plugins/db.js": {"path":"/home/cbiale/Escritorio/proyecto_final/aplicaciones/backend/plugins/db.js","statementMap":{"0":{"start":{"line":3,"column":11},"end":{"line":3,"column":36}},"1":{"start":{"line":4,"column":15},"end":{"line":4,"column":32}},"2":{"start":{"line":8,"column":4},"end":{"line":15,"column":5}},"3":{"start":{"line":9,"column":20},"end":{"line":9,"column":34}},"4":{"start":{"line":10,"column":8},"end":{"line":10,"column":38}},"5":{"start":{"line":13,"column":8},"end":{"line":13,"column":31}},"6":{"start":{"line":14,"column":8},"end":{"line":14,"column":23}},"7":{"start":{"line":19,"column":4},"end":{"line":19,"column":67}},"8":{"start":{"line":20,"column":4},"end":{"line":75,"column":5}},"9":{"start":{"line":22,"column":8},"end":{"line":22,"column":48}},"10":{"start":{"line":23,"column":8},"end":{"line":23,"column":41}},"11":{"start":{"line":26,"column":25},"end":{"line":26,"column":51}},"12":{"start":{"line":27,"column":8},"end":{"line":31,"column":10}},"13":{"start":{"line":34,"column":8},"end":{"line":34,"column":54}},"14":{"start":{"line":35,"column":8},"end":{"line":35,"column":38}},"15":{"start":{"line":36,"column":8},"end":{"line":36,"column":41}},"16":{"start":{"line":37,"column":8},"end":{"line":37,"column":43}},"17":{"start":{"line":38,"column":8},"end":{"line":38,"column":43}},"18":{"start":{"line":39,"column":8},"end":{"line":39,"column":37}},"19":{"start":{"line":40,"column":8},"end":{"line":40,"column":39}},"20":{"start":{"line":43,"column":8},"end":{"line":43,"column":46}},"21":{"start":{"line":44,"column":26},"end":{"line":53,"column":9}},"22":{"start":{"line":54,"column":8},"end":{"line":54,"column":58}},"23":{"start":{"line":55,"column":8},"end":{"line":55,"column":52}},"24":{"start":{"line":56,"column":8},"end":{"line":56,"column":53}},"25":{"start":{"line":59,"column":8},"end":{"line":59,"column":47}},"26":{"start":{"line":60,"column":23},"end":{"line":69,"column":9}},"27":{"start":{"line":70,"column":8},"end":{"line":70,"column":60}},"28":{"start":{"line":71,"column":8},"end":{"line":71,"column":54}},"29":{"start":{"line":74,"column":8},"end":{"line":74,"column":43}},"30":{"start":{"line":76,"column":4},"end":{"line":76,"column":37}},"31":{"start":{"line":80,"column":0},"end":{"line":80,"column":29}}},"fnMap":{"0":{"name":"conectar","decl":{"start":{"line":7,"column":15},"end":{"line":7,"column":23}},"loc":{"start":{"line":7,"column":44},"end":{"line":16,"column":1}},"line":7},"1":{"name":"iniciar","decl":{"start":{"line":18,"column":15},"end":{"line":18,"column":22}},"loc":{"start":{"line":18,"column":40},"end":{"line":77,"column":1}},"line":18}},"branchMap":{},"s":{"0":9,"1":9,"2":9,"3":9,"4":9,"5":0,"6":0,"7":9,"8":9,"9":9,"10":9,"11":9,"12":9,"13":9,"14":9,"15":9,"16":9,"17":9,"18":9,"19":9,"20":9,"21":9,"22":9,"23":9,"24":9,"25":9,"26":9,"27":9,"28":9,"29":0,"30":9,"31":9},"f":{"0":9,"1":9},"b":{},"_coverageSchema":"1a1c01bbd47fc00a2c39e90264f33305004495a9","hash":"30d81b2e6b488033b4df787e836aae7ce2d100d7"}
,"/home/cbiale/Escritorio/proyecto_final/aplicaciones/backend/plugins/mqtt.js": {"path":"/home/cbiale/Escritorio/proyecto_final/aplicaciones/backend/plugins/mqtt.js","statementMap":{"0":{"start":{"line":3,"column":11},"end":{"line":3,"column":36}},"1":{"start":{"line":4,"column":13},"end":{"line":4,"column":34}},"2":{"start":{"line":5,"column":15},"end":{"line":5,"column":32}},"3":{"start":{"line":6,"column":21},"end":{"line":6,"column":38}},"4":{"start":{"line":10,"column":23},"end":{"line":10,"column":55}},"5":{"start":{"line":11,"column":17},"end":{"line":11,"column":43}},"6":{"start":{"line":12,"column":21},"end":{"line":12,"column":51}},"7":{"start":{"line":13,"column":23},"end":{"line":13,"column":55}},"8":{"start":{"line":14,"column":18},"end":{"line":14,"column":45}},"9":{"start":{"line":15,"column":19},"end":{"line":15,"column":47}},"10":{"start":{"line":17,"column":4},"end":{"line":17,"column":54}},"11":{"start":{"line":18,"column":18},"end":{"line":18,"column":79}},"12":{"start":{"line":19,"column":4},"end":{"line":19,"column":49}},"13":{"start":{"line":20,"column":4},"end":{"line":31,"column":5}},"14":{"start":{"line":23,"column":8},"end":{"line":23,"column":50}},"15":{"start":{"line":25,"column":8},"end":{"line":25,"column":52}},"16":{"start":{"line":27,"column":8},"end":{"line":27,"column":54}},"17":{"start":{"line":29,"column":8},"end":{"line":29,"column":33}},"18":{"start":{"line":30,"column":8},"end":{"line":30,"column":23}},"19":{"start":{"line":33,"column":4},"end":{"line":56,"column":5}},"20":{"start":{"line":35,"column":8},"end":{"line":53,"column":10}},"21":{"start":{"line":36,"column":12},"end":{"line":36,"column":68}},"22":{"start":{"line":37,"column":12},"end":{"line":52,"column":13}},"23":{"start":{"line":38,"column":16},"end":{"line":41,"column":17}},"24":{"start":{"line":39,"column":32},"end":{"line":39,"column":51}},"25":{"start":{"line":40,"column":20},"end":{"line":40,"column":50}},"26":{"start":{"line":42,"column":16},"end":{"line":45,"column":17}},"27":{"start":{"line":43,"column":32},"end":{"line":43,"column":51}},"28":{"start":{"line":44,"column":20},"end":{"line":44,"column":45}},"29":{"start":{"line":46,"column":16},"end":{"line":49,"column":17}},"30":{"start":{"line":47,"column":32},"end":{"line":47,"column":51}},"31":{"start":{"line":48,"column":20},"end":{"line":48,"column":48}},"32":{"start":{"line":51,"column":16},"end":{"line":51,"column":77}},"33":{"start":{"line":55,"column":8},"end":{"line":55,"column":54}},"34":{"start":{"line":59,"column":4},"end":{"line":59,"column":38}},"35":{"start":{"line":64,"column":17},"end":{"line":64,"column":36}},"36":{"start":{"line":66,"column":21},"end":{"line":66,"column":40}},"37":{"start":{"line":69,"column":27},"end":{"line":71,"column":10}},"38":{"start":{"line":72,"column":23},"end":{"line":72,"column":47}},"39":{"start":{"line":75,"column":8},"end":{"line":118,"column":9}},"40":{"start":{"line":77,"column":23},"end":{"line":77,"column":42}},"41":{"start":{"line":79,"column":12},"end":{"line":79,"column":67}},"42":{"start":{"line":80,"column":12},"end":{"line":115,"column":13}},"43":{"start":{"line":82,"column":37},"end":{"line":82,"column":41}},"44":{"start":{"line":85,"column":16},"end":{"line":92,"column":17}},"45":{"start":{"line":87,"column":20},"end":{"line":91,"column":21}},"46":{"start":{"line":89,"column":24},"end":{"line":89,"column":46}},"47":{"start":{"line":90,"column":24},"end":{"line":90,"column":29}},"48":{"start":{"line":94,"column":16},"end":{"line":112,"column":17}},"49":{"start":{"line":96,"column":20},"end":{"line":103,"column":21}},"50":{"start":{"line":97,"column":42},"end":{"line":102,"column":26}},"51":{"start":{"line":105,"column":20},"end":{"line":107,"column":21}},"52":{"start":{"line":106,"column":24},"end":{"line":106,"column":60}},"53":{"start":{"line":109,"column":20},"end":{"line":111,"column":21}},"54":{"start":{"line":114,"column":16},"end":{"line":114,"column":41}},"55":{"start":{"line":117,"column":12},"end":{"line":117,"column":46}},"56":{"start":{"line":124,"column":27},"end":{"line":124,"column":55}},"57":{"start":{"line":126,"column":22},"end":{"line":126,"column":27}},"58":{"start":{"line":127,"column":24},"end":{"line":129,"column":9}},"59":{"start":{"line":130,"column":8},"end":{"line":161,"column":9}},"60":{"start":{"line":131,"column":12},"end":{"line":160,"column":13}},"61":{"start":{"line":133,"column":30},"end":{"line":133,"column":55}},"62":{"start":{"line":135,"column":30},"end":{"line":135,"column":32}},"63":{"start":{"line":136,"column":16},"end":{"line":136,"column":47}},"64":{"start":{"line":137,"column":28},"end":{"line":137,"column":56}},"65":{"start":{"line":139,"column":16},"end":{"line":155,"column":18}},"66":{"start":{"line":140,"column":20},"end":{"line":154,"column":21}},"67":{"start":{"line":142,"column":24},"end":{"line":153,"column":25}},"68":{"start":{"line":143,"column":28},"end":{"line":143,"column":69}},"69":{"start":{"line":145,"column":28},"end":{"line":148,"column":29}},"70":{"start":{"line":150,"column":28},"end":{"line":152,"column":29}},"71":{"start":{"line":157,"column":16},"end":{"line":157,"column":32}},"72":{"start":{"line":159,"column":16},"end":{"line":159,"column":41}},"73":{"start":{"line":167,"column":17},"end":{"line":167,"column":37}},"74":{"start":{"line":169,"column":21},"end":{"line":169,"column":40}},"75":{"start":{"line":172,"column":27},"end":{"line":174,"column":10}},"76":{"start":{"line":175,"column":23},"end":{"line":175,"column":47}},"77":{"start":{"line":178,"column":8},"end":{"line":204,"column":9}},"78":{"start":{"line":180,"column":23},"end":{"line":180,"column":42}},"79":{"start":{"line":181,"column":12},"end":{"line":181,"column":40}},"80":{"start":{"line":182,"column":12},"end":{"line":182,"column":41}},"81":{"start":{"line":183,"column":12},"end":{"line":201,"column":13}},"82":{"start":{"line":187,"column":16},"end":{"line":187,"column":71}},"83":{"start":{"line":188,"column":16},"end":{"line":198,"column":17}},"84":{"start":{"line":190,"column":38},"end":{"line":195,"column":22}},"85":{"start":{"line":197,"column":20},"end":{"line":197,"column":45}},"86":{"start":{"line":200,"column":16},"end":{"line":200,"column":87}},"87":{"start":{"line":203,"column":12},"end":{"line":203,"column":46}},"88":{"start":{"line":210,"column":17},"end":{"line":210,"column":36}},"89":{"start":{"line":212,"column":21},"end":{"line":212,"column":40}},"90":{"start":{"line":215,"column":27},"end":{"line":217,"column":10}},"91":{"start":{"line":218,"column":23},"end":{"line":218,"column":47}},"92":{"start":{"line":221,"column":8},"end":{"line":223,"column":9}},"93":{"start":{"line":222,"column":12},"end":{"line":222,"column":38}},"94":{"start":{"line":226,"column":16},"end":{"line":231,"column":9}},"95":{"start":{"line":232,"column":28},"end":{"line":232,"column":50}},"96":{"start":{"line":233,"column":8},"end":{"line":233,"column":42}},"97":{"start":{"line":234,"column":8},"end":{"line":234,"column":65}},"98":{"start":{"line":234,"column":54},"end":{"line":234,"column":64}},"99":{"start":{"line":237,"column":30},"end":{"line":237,"column":54}},"100":{"start":{"line":238,"column":8},"end":{"line":238,"column":46}},"101":{"start":{"line":239,"column":8},"end":{"line":239,"column":73}},"102":{"start":{"line":239,"column":60},"end":{"line":239,"column":72}},"103":{"start":{"line":241,"column":30},"end":{"line":241,"column":66}},"104":{"start":{"line":248,"column":8},"end":{"line":323,"column":9}},"105":{"start":{"line":254,"column":12},"end":{"line":254,"column":77}},"106":{"start":{"line":255,"column":12},"end":{"line":307,"column":13}},"107":{"start":{"line":256,"column":16},"end":{"line":268,"column":17}},"108":{"start":{"line":260,"column":20},"end":{"line":267,"column":21}},"109":{"start":{"line":261,"column":42},"end":{"line":266,"column":26}},"110":{"start":{"line":271,"column":16},"end":{"line":292,"column":17}},"111":{"start":{"line":271,"column":29},"end":{"line":271,"column":30}},"112":{"start":{"line":272,"column":41},"end":{"line":272,"column":46}},"113":{"start":{"line":273,"column":20},"end":{"line":278,"column":21}},"114":{"start":{"line":279,"column":31},"end":{"line":279,"column":55}},"115":{"start":{"line":280,"column":20},"end":{"line":280,"column":36}},"116":{"start":{"line":282,"column":20},"end":{"line":284,"column":21}},"117":{"start":{"line":283,"column":24},"end":{"line":283,"column":40}},"118":{"start":{"line":286,"column":38},"end":{"line":291,"column":22}},"119":{"start":{"line":294,"column":16},"end":{"line":304,"column":18}},"120":{"start":{"line":306,"column":16},"end":{"line":306,"column":41}},"121":{"start":{"line":310,"column":12},"end":{"line":321,"column":13}},"122":{"start":{"line":311,"column":16},"end":{"line":320,"column":18}},"123":{"start":{"line":322,"column":12},"end":{"line":322,"column":73}},"124":{"start":{"line":328,"column":0},"end":{"line":328,"column":29}}},"fnMap":{"0":{"name":"conectar","decl":{"start":{"line":9,"column":15},"end":{"line":9,"column":23}},"loc":{"start":{"line":9,"column":44},"end":{"line":325,"column":1}},"line":9},"1":{"name":"(anonymous_1)","decl":{"start":{"line":35,"column":30},"end":{"line":35,"column":31}},"loc":{"start":{"line":35,"column":51},"end":{"line":53,"column":9}},"line":35},"2":{"name":"agregarMedicion","decl":{"start":{"line":62,"column":19},"end":{"line":62,"column":34}},"loc":{"start":{"line":62,"column":52},"end":{"line":119,"column":5}},"line":62},"3":{"name":"controlarReglas","decl":{"start":{"line":122,"column":19},"end":{"line":122,"column":34}},"loc":{"start":{"line":122,"column":48},"end":{"line":162,"column":5}},"line":122},"4":{"name":"(anonymous_4)","decl":{"start":{"line":139,"column":34},"end":{"line":139,"column":35}},"loc":{"start":{"line":139,"column":46},"end":{"line":155,"column":17}},"line":139},"5":{"name":"agregarLog","decl":{"start":{"line":165,"column":19},"end":{"line":165,"column":29}},"loc":{"start":{"line":165,"column":47},"end":{"line":205,"column":5}},"line":165},"6":{"name":"agregarInicio","decl":{"start":{"line":208,"column":19},"end":{"line":208,"column":32}},"loc":{"start":{"line":208,"column":50},"end":{"line":324,"column":5}},"line":208},"7":{"name":"(anonymous_7)","decl":{"start":{"line":234,"column":42},"end":{"line":234,"column":43}},"loc":{"start":{"line":234,"column":54},"end":{"line":234,"column":64}},"line":234},"8":{"name":"(anonymous_8)","decl":{"start":{"line":239,"column":46},"end":{"line":239,"column":47}},"loc":{"start":{"line":239,"column":60},"end":{"line":239,"column":72}},"line":239}},"branchMap":{"0":{"loc":{"start":{"line":18,"column":31},"end":{"line":18,"column":78}},"type":"binary-expr","locations":[{"start":{"line":18,"column":31},"end":{"line":18,"column":51}},{"start":{"line":18,"column":55},"end":{"line":18,"column":78}}],"line":18},"1":{"loc":{"start":{"line":38,"column":16},"end":{"line":41,"column":17}},"type":"if","locations":[{"start":{"line":38,"column":16},"end":{"line":41,"column":17}},{"start":{},"end":{}}],"line":38},"2":{"loc":{"start":{"line":42,"column":16},"end":{"line":45,"column":17}},"type":"if","locations":[{"start":{"line":42,"column":16},"end":{"line":45,"column":17}},{"start":{},"end":{}}],"line":42},"3":{"loc":{"start":{"line":46,"column":16},"end":{"line":49,"column":17}},"type":"if","locations":[{"start":{"line":46,"column":16},"end":{"line":49,"column":17}},{"start":{},"end":{}}],"line":46},"4":{"loc":{"start":{"line":75,"column":8},"end":{"line":118,"column":9}},"type":"if","locations":[{"start":{"line":75,"column":8},"end":{"line":118,"column":9}},{"start":{"line":116,"column":15},"end":{"line":118,"column":9}}],"line":75},"5":{"loc":{"start":{"line":87,"column":20},"end":{"line":91,"column":21}},"type":"if","locations":[{"start":{"line":87,"column":20},"end":{"line":91,"column":21}},{"start":{},"end":{}}],"line":87},"6":{"loc":{"start":{"line":94,"column":16},"end":{"line":112,"column":17}},"type":"if","locations":[{"start":{"line":94,"column":16},"end":{"line":112,"column":17}},{"start":{"line":108,"column":23},"end":{"line":112,"column":17}}],"line":94},"7":{"loc":{"start":{"line":105,"column":20},"end":{"line":107,"column":21}},"type":"if","locations":[{"start":{"line":105,"column":20},"end":{"line":107,"column":21}},{"start":{},"end":{}}],"line":105},"8":{"loc":{"start":{"line":142,"column":24},"end":{"line":153,"column":25}},"type":"if","locations":[{"start":{"line":142,"column":24},"end":{"line":153,"column":25}},{"start":{"line":149,"column":31},"end":{"line":153,"column":25}}],"line":142},"9":{"loc":{"start":{"line":178,"column":8},"end":{"line":204,"column":9}},"type":"if","locations":[{"start":{"line":178,"column":8},"end":{"line":204,"column":9}},{"start":{"line":202,"column":15},"end":{"line":204,"column":9}}],"line":178},"10":{"loc":{"start":{"line":183,"column":12},"end":{"line":201,"column":13}},"type":"if","locations":[{"start":{"line":183,"column":12},"end":{"line":201,"column":13}},{"start":{"line":199,"column":19},"end":{"line":201,"column":13}}],"line":183},"11":{"loc":{"start":{"line":184,"column":16},"end":{"line":185,"column":45}},"type":"binary-expr","locations":[{"start":{"line":184,"column":16},"end":{"line":184,"column":58}},{"start":{"line":185,"column":16},"end":{"line":185,"column":45}}],"line":184},"12":{"loc":{"start":{"line":221,"column":8},"end":{"line":223,"column":9}},"type":"if","locations":[{"start":{"line":221,"column":8},"end":{"line":223,"column":9}},{"start":{},"end":{}}],"line":221},"13":{"loc":{"start":{"line":248,"column":8},"end":{"line":323,"column":9}},"type":"if","locations":[{"start":{"line":248,"column":8},"end":{"line":323,"column":9}},{"start":{"line":308,"column":15},"end":{"line":323,"column":9}}],"line":248},"14":{"loc":{"start":{"line":249,"column":12},"end":{"line":252,"column":79}},"type":"binary-expr","locations":[{"start":{"line":249,"column":12},"end":{"line":249,"column":26}},{"start":{"line":250,"column":12},"end":{"line":250,"column":72}},{"start":{"line":251,"column":12},"end":{"line":251,"column":75}},{"start":{"line":252,"column":12},"end":{"line":252,"column":79}}],"line":249},"15":{"loc":{"start":{"line":260,"column":20},"end":{"line":267,"column":21}},"type":"if","locations":[{"start":{"line":260,"column":20},"end":{"line":267,"column":21}},{"start":{},"end":{}}],"line":260},"16":{"loc":{"start":{"line":260,"column":24},"end":{"line":260,"column":73}},"type":"binary-expr","locations":[{"start":{"line":260,"column":24},"end":{"line":260,"column":42}},{"start":{"line":260,"column":46},"end":{"line":260,"column":73}}],"line":260},"17":{"loc":{"start":{"line":282,"column":20},"end":{"line":284,"column":21}},"type":"if","locations":[{"start":{"line":282,"column":20},"end":{"line":284,"column":21}},{"start":{},"end":{}}],"line":282},"18":{"loc":{"start":{"line":300,"column":24},"end":{"line":300,"column":62}},"type":"binary-expr","locations":[{"start":{"line":300,"column":24},"end":{"line":300,"column":35}},{"start":{"line":300,"column":39},"end":{"line":300,"column":62}}],"line":300},"19":{"loc":{"start":{"line":310,"column":12},"end":{"line":321,"column":13}},"type":"if","locations":[{"start":{"line":310,"column":12},"end":{"line":321,"column":13}},{"start":{},"end":{}}],"line":310}},"s":{"0":9,"1":9,"2":9,"3":9,"4":9,"5":9,"6":9,"7":9,"8":9,"9":9,"10":9,"11":9,"12":9,"13":9,"14":9,"15":9,"16":9,"17":0,"18":0,"19":9,"20":9,"21":1,"22":1,"23":1,"24":0,"25":0,"26":1,"27":0,"28":0,"29":1,"30":1,"31":1,"32":0,"33":0,"34":9,"35":0,"36":0,"37":0,"38":0,"39":0,"40":0,"41":0,"42":0,"43":0,"44":0,"45":0,"46":0,"47":0,"48":0,"49":0,"50":0,"51":0,"52":0,"53":0,"54":0,"55":0,"56":0,"57":0,"58":0,"59":0,"60":0,"61":0,"62":0,"63":0,"64":0,"65":0,"66":0,"67":0,"68":0,"69":0,"70":0,"71":0,"72":0,"73":0,"74":0,"75":0,"76":0,"77":0,"78":0,"79":0,"80":0,"81":0,"82":0,"83":0,"84":0,"85":0,"86":0,"87":0,"88":1,"89":1,"90":1,"91":1,"92":1,"93":1,"94":1,"95":1,"96":1,"97":1,"98":2,"99":1,"100":1,"101":1,"102":1,"103":1,"104":1,"105":1,"106":1,"107":1,"108":3,"109":3,"110":1,"111":1,"112":1,"113":1,"114":1,"115":1,"116":1,"117":0,"118":1,"119":1,"120":0,"121":0,"122":0,"123":0,"124":9},"f":{"0":9,"1":1,"2":0,"3":0,"4":0,"5":0,"6":1,"7":2,"8":1},"b":{"0":[9,9],"1":[0,1],"2":[0,1],"3":[1,0],"4":[0,0],"5":[0,0],"6":[0,0],"7":[0,0],"8":[0,0],"9":[0,0],"10":[0,0],"11":[0,0],"12":[1,0],"13":[1,0],"14":[1,1,1,1],"15":[3,0],"16":[3,2],"17":[0,1],"18":[1,0],"19":[0,0]},"_coverageSchema":"1a1c01bbd47fc00a2c39e90264f33305004495a9","hash":"f5923444f417d1b2b5aae0b3c661e644e8d6925d"}
,"/home/cbiale/Escritorio/proyecto_final/aplicaciones/backend/routes/actuadores.js": {"path":"/home/cbiale/Escritorio/proyecto_final/aplicaciones/backend/routes/actuadores.js","statementMap":{"0":{"start":{"line":4,"column":23},"end":{"line":4,"column":55}},"1":{"start":{"line":8,"column":8},"end":{"line":19,"column":9}},"2":{"start":{"line":10,"column":27},"end":{"line":10,"column":78}},"3":{"start":{"line":11,"column":22},"end":{"line":14,"column":13}},"4":{"start":{"line":15,"column":30},"end":{"line":15,"column":54}},"5":{"start":{"line":16,"column":12},"end":{"line":16,"column":33}},"6":{"start":{"line":18,"column":12},"end":{"line":18,"column":34}},"7":{"start":{"line":24,"column":8},"end":{"line":29,"column":9}},"8":{"start":{"line":25,"column":30},"end":{"line":25,"column":54}},"9":{"start":{"line":26,"column":12},"end":{"line":26,"column":28}},"10":{"start":{"line":28,"column":12},"end":{"line":28,"column":34}},"11":{"start":{"line":34,"column":8},"end":{"line":51,"column":9}},"12":{"start":{"line":35,"column":23},"end":{"line":35,"column":86}},"13":{"start":{"line":37,"column":16},"end":{"line":38,"column":68}},"14":{"start":{"line":40,"column":16},"end":{"line":41,"column":61}},"15":{"start":{"line":43,"column":30},"end":{"line":47,"column":14}},"16":{"start":{"line":48,"column":12},"end":{"line":48,"column":28}},"17":{"start":{"line":50,"column":12},"end":{"line":50,"column":34}},"18":{"start":{"line":56,"column":8},"end":{"line":73,"column":9}},"19":{"start":{"line":58,"column":16},"end":{"line":59,"column":68}},"20":{"start":{"line":61,"column":16},"end":{"line":62,"column":61}},"21":{"start":{"line":64,"column":30},"end":{"line":69,"column":14}},"22":{"start":{"line":70,"column":12},"end":{"line":70,"column":28}},"23":{"start":{"line":72,"column":12},"end":{"line":72,"column":34}},"24":{"start":{"line":78,"column":8},"end":{"line":83,"column":9}},"25":{"start":{"line":79,"column":30},"end":{"line":79,"column":63}},"26":{"start":{"line":80,"column":12},"end":{"line":80,"column":28}},"27":{"start":{"line":82,"column":12},"end":{"line":82,"column":34}},"28":{"start":{"line":89,"column":4},"end":{"line":97,"column":6}},"29":{"start":{"line":94,"column":12},"end":{"line":94,"column":54}},"30":{"start":{"line":95,"column":12},"end":{"line":95,"column":38}},"31":{"start":{"line":100,"column":4},"end":{"line":110,"column":6}},"32":{"start":{"line":105,"column":12},"end":{"line":107,"column":13}},"33":{"start":{"line":108,"column":12},"end":{"line":108,"column":46}},"34":{"start":{"line":113,"column":4},"end":{"line":121,"column":6}},"35":{"start":{"line":118,"column":12},"end":{"line":118,"column":77}},"36":{"start":{"line":119,"column":12},"end":{"line":119,"column":53}},"37":{"start":{"line":124,"column":4},"end":{"line":136,"column":6}},"38":{"start":{"line":129,"column":12},"end":{"line":133,"column":13}},"39":{"start":{"line":134,"column":12},"end":{"line":134,"column":69}},"40":{"start":{"line":139,"column":4},"end":{"line":147,"column":6}},"41":{"start":{"line":144,"column":12},"end":{"line":144,"column":118}},"42":{"start":{"line":145,"column":12},"end":{"line":145,"column":76}},"43":{"start":{"line":150,"column":0},"end":{"line":150,"column":27}},"44":{"start":{"line":151,"column":0},"end":{"line":151,"column":41}}},"fnMap":{"0":{"name":"actuadores","decl":{"start":{"line":3,"column":15},"end":{"line":3,"column":25}},"loc":{"start":{"line":3,"column":46},"end":{"line":148,"column":1}},"line":3},"1":{"name":"obtenerActuadores","decl":{"start":{"line":7,"column":19},"end":{"line":7,"column":36}},"loc":{"start":{"line":7,"column":39},"end":{"line":20,"column":5}},"line":7},"2":{"name":"obtenerActuador","decl":{"start":{"line":23,"column":19},"end":{"line":23,"column":34}},"loc":{"start":{"line":23,"column":39},"end":{"line":30,"column":5}},"line":23},"3":{"name":"crearActuador","decl":{"start":{"line":33,"column":19},"end":{"line":33,"column":32}},"loc":{"start":{"line":33,"column":45},"end":{"line":52,"column":5}},"line":33},"4":{"name":"modificarActuador","decl":{"start":{"line":55,"column":19},"end":{"line":55,"column":36}},"loc":{"start":{"line":55,"column":53},"end":{"line":74,"column":5}},"line":55},"5":{"name":"eliminarActuador","decl":{"start":{"line":77,"column":19},"end":{"line":77,"column":35}},"loc":{"start":{"line":77,"column":45},"end":{"line":84,"column":5}},"line":77},"6":{"name":"(anonymous_6)","decl":{"start":{"line":93,"column":17},"end":{"line":93,"column":18}},"loc":{"start":{"line":93,"column":46},"end":{"line":96,"column":9}},"line":93},"7":{"name":"(anonymous_7)","decl":{"start":{"line":104,"column":17},"end":{"line":104,"column":18}},"loc":{"start":{"line":104,"column":46},"end":{"line":109,"column":9}},"line":104},"8":{"name":"(anonymous_8)","decl":{"start":{"line":117,"column":17},"end":{"line":117,"column":18}},"loc":{"start":{"line":117,"column":46},"end":{"line":120,"column":9}},"line":117},"9":{"name":"(anonymous_9)","decl":{"start":{"line":128,"column":17},"end":{"line":128,"column":18}},"loc":{"start":{"line":128,"column":46},"end":{"line":135,"column":9}},"line":128},"10":{"name":"(anonymous_10)","decl":{"start":{"line":143,"column":17},"end":{"line":143,"column":18}},"loc":{"start":{"line":143,"column":46},"end":{"line":146,"column":9}},"line":143}},"branchMap":{},"s":{"0":9,"1":2,"2":2,"3":2,"4":2,"5":2,"6":0,"7":1,"8":1,"9":1,"10":0,"11":1,"12":1,"13":1,"14":1,"15":1,"16":1,"17":0,"18":1,"19":1,"20":1,"21":1,"22":1,"23":0,"24":1,"25":1,"26":1,"27":0,"28":9,"29":2,"30":2,"31":9,"32":1,"33":1,"34":9,"35":1,"36":1,"37":9,"38":1,"39":1,"40":9,"41":1,"42":1,"43":9,"44":9},"f":{"0":9,"1":2,"2":1,"3":1,"4":1,"5":1,"6":2,"7":1,"8":1,"9":1,"10":1},"b":{},"_coverageSchema":"1a1c01bbd47fc00a2c39e90264f33305004495a9","hash":"51f252b258fb4ea244322f0b765ce87a0179f4f8"}
,"/home/cbiale/Escritorio/proyecto_final/aplicaciones/backend/routes/ingresar.js": {"path":"/home/cbiale/Escritorio/proyecto_final/aplicaciones/backend/routes/ingresar.js","statementMap":{"0":{"start":{"line":4,"column":19},"end":{"line":4,"column":36}},"1":{"start":{"line":5,"column":21},"end":{"line":5,"column":51}},"2":{"start":{"line":9,"column":8},"end":{"line":30,"column":9}},"3":{"start":{"line":10,"column":37},"end":{"line":10,"column":47}},"4":{"start":{"line":12,"column":30},"end":{"line":12,"column":52}},"5":{"start":{"line":13,"column":12},"end":{"line":13,"column":40}},"6":{"start":{"line":14,"column":12},"end":{"line":14,"column":54}},"7":{"start":{"line":16,"column":12},"end":{"line":27,"column":13}},"8":{"start":{"line":22,"column":30},"end":{"line":22,"column":61}},"9":{"start":{"line":23,"column":16},"end":{"line":23,"column":86}},"10":{"start":{"line":26,"column":16},"end":{"line":26,"column":42}},"11":{"start":{"line":29,"column":12},"end":{"line":29,"column":38}},"12":{"start":{"line":36,"column":4},"end":{"line":47,"column":6}},"13":{"start":{"line":40,"column":12},"end":{"line":44,"column":13}},"14":{"start":{"line":45,"column":12},"end":{"line":45,"column":57}},"15":{"start":{"line":50,"column":0},"end":{"line":50,"column":25}},"16":{"start":{"line":51,"column":0},"end":{"line":51,"column":39}}},"fnMap":{"0":{"name":"ingresar","decl":{"start":{"line":3,"column":15},"end":{"line":3,"column":23}},"loc":{"start":{"line":3,"column":44},"end":{"line":48,"column":1}},"line":3},"1":{"name":"obtenerUsuario","decl":{"start":{"line":8,"column":17},"end":{"line":8,"column":31}},"loc":{"start":{"line":8,"column":55},"end":{"line":31,"column":5}},"line":8},"2":{"name":"(anonymous_2)","decl":{"start":{"line":39,"column":17},"end":{"line":39,"column":18}},"loc":{"start":{"line":39,"column":46},"end":{"line":46,"column":9}},"line":39}},"branchMap":{"0":{"loc":{"start":{"line":16,"column":12},"end":{"line":27,"column":13}},"type":"if","locations":[{"start":{"line":16,"column":12},"end":{"line":27,"column":13}},{"start":{"line":24,"column":19},"end":{"line":27,"column":13}}],"line":16},"1":{"loc":{"start":{"line":17,"column":16},"end":{"line":18,"column":67}},"type":"binary-expr","locations":[{"start":{"line":17,"column":16},"end":{"line":17,"column":36}},{"start":{"line":18,"column":17},"end":{"line":18,"column":66}}],"line":17}},"s":{"0":9,"1":9,"2":12,"3":12,"4":12,"5":10,"6":10,"7":10,"8":9,"9":9,"10":1,"11":2,"12":9,"13":12,"14":12,"15":9,"16":9},"f":{"0":9,"1":12,"2":12},"b":{"0":[9,1],"1":[10,10]},"_coverageSchema":"1a1c01bbd47fc00a2c39e90264f33305004495a9","hash":"7efa5a604e569a8db6718cfb9576f5ee83822833"}
,"/home/cbiale/Escritorio/proyecto_final/aplicaciones/backend/routes/logs.js": {"path":"/home/cbiale/Escritorio/proyecto_final/aplicaciones/backend/routes/logs.js","statementMap":{"0":{"start":{"line":4,"column":17},"end":{"line":4,"column":43}},"1":{"start":{"line":5,"column":23},"end":{"line":5,"column":55}},"2":{"start":{"line":6,"column":18},"end":{"line":6,"column":45}},"3":{"start":{"line":10,"column":8},"end":{"line":25,"column":9}},"4":{"start":{"line":12,"column":30},"end":{"line":12,"column":75}},"5":{"start":{"line":13,"column":22},"end":{"line":20,"column":13}},"6":{"start":{"line":21,"column":30},"end":{"line":21,"column":48}},"7":{"start":{"line":22,"column":12},"end":{"line":22,"column":33}},"8":{"start":{"line":24,"column":12},"end":{"line":24,"column":34}},"9":{"start":{"line":30,"column":8},"end":{"line":55,"column":9}},"10":{"start":{"line":33,"column":32},"end":{"line":33,"column":62}},"11":{"start":{"line":36,"column":22},"end":{"line":45,"column":13}},"12":{"start":{"line":46,"column":26},"end":{"line":46,"column":44}},"13":{"start":{"line":47,"column":28},"end":{"line":47,"column":64}},"14":{"start":{"line":47,"column":58},"end":{"line":47,"column":63}},"15":{"start":{"line":49,"column":12},"end":{"line":52,"column":13}},"16":{"start":{"line":54,"column":12},"end":{"line":54,"column":34}},"17":{"start":{"line":61,"column":4},"end":{"line":69,"column":6}},"18":{"start":{"line":66,"column":12},"end":{"line":66,"column":74}},"19":{"start":{"line":67,"column":12},"end":{"line":67,"column":49}},"20":{"start":{"line":72,"column":4},"end":{"line":82,"column":6}},"21":{"start":{"line":77,"column":12},"end":{"line":79,"column":13}},"22":{"start":{"line":80,"column":12},"end":{"line":80,"column":82}},"23":{"start":{"line":86,"column":0},"end":{"line":86,"column":21}},"24":{"start":{"line":87,"column":0},"end":{"line":87,"column":35}}},"fnMap":{"0":{"name":"logs","decl":{"start":{"line":3,"column":15},"end":{"line":3,"column":19}},"loc":{"start":{"line":3,"column":40},"end":{"line":84,"column":1}},"line":3},"1":{"name":"obtenerLogs","decl":{"start":{"line":9,"column":19},"end":{"line":9,"column":30}},"loc":{"start":{"line":9,"column":35},"end":{"line":26,"column":5}},"line":9},"2":{"name":"obtenerLogsActuador","decl":{"start":{"line":29,"column":19},"end":{"line":29,"column":38}},"loc":{"start":{"line":29,"column":53},"end":{"line":56,"column":5}},"line":29},"3":{"name":"(anonymous_3)","decl":{"start":{"line":47,"column":43},"end":{"line":47,"column":44}},"loc":{"start":{"line":47,"column":58},"end":{"line":47,"column":63}},"line":47},"4":{"name":"(anonymous_4)","decl":{"start":{"line":65,"column":17},"end":{"line":65,"column":18}},"loc":{"start":{"line":65,"column":46},"end":{"line":68,"column":9}},"line":65},"5":{"name":"(anonymous_5)","decl":{"start":{"line":76,"column":17},"end":{"line":76,"column":18}},"loc":{"start":{"line":76,"column":46},"end":{"line":81,"column":9}},"line":76}},"branchMap":{},"s":{"0":9,"1":9,"2":9,"3":1,"4":1,"5":1,"6":1,"7":1,"8":0,"9":2,"10":2,"11":1,"12":1,"13":1,"14":1,"15":1,"16":1,"17":9,"18":1,"19":1,"20":9,"21":2,"22":2,"23":9,"24":9},"f":{"0":9,"1":1,"2":2,"3":1,"4":1,"5":2},"b":{},"_coverageSchema":"1a1c01bbd47fc00a2c39e90264f33305004495a9","hash":"9de2f49a118df342e9f56e2d89ea00e148384f8d"}
,"/home/cbiale/Escritorio/proyecto_final/aplicaciones/backend/routes/mediciones.js": {"path":"/home/cbiale/Escritorio/proyecto_final/aplicaciones/backend/routes/mediciones.js","statementMap":{"0":{"start":{"line":4,"column":23},"end":{"line":4,"column":55}},"1":{"start":{"line":5,"column":21},"end":{"line":5,"column":51}},"2":{"start":{"line":9,"column":8},"end":{"line":25,"column":9}},"3":{"start":{"line":11,"column":36},"end":{"line":11,"column":77}},"4":{"start":{"line":12,"column":22},"end":{"line":19,"column":13}},"5":{"start":{"line":20,"column":12},"end":{"line":20,"column":32}},"6":{"start":{"line":21,"column":30},"end":{"line":21,"column":54}},"7":{"start":{"line":22,"column":12},"end":{"line":22,"column":33}},"8":{"start":{"line":24,"column":12},"end":{"line":24,"column":34}},"9":{"start":{"line":30,"column":8},"end":{"line":55,"column":9}},"10":{"start":{"line":32,"column":32},"end":{"line":32,"column":58}},"11":{"start":{"line":36,"column":22},"end":{"line":45,"column":13}},"12":{"start":{"line":47,"column":26},"end":{"line":47,"column":50}},"13":{"start":{"line":48,"column":28},"end":{"line":48,"column":64}},"14":{"start":{"line":48,"column":58},"end":{"line":48,"column":63}},"15":{"start":{"line":49,"column":12},"end":{"line":52,"column":13}},"16":{"start":{"line":54,"column":12},"end":{"line":54,"column":34}},"17":{"start":{"line":61,"column":4},"end":{"line":69,"column":6}},"18":{"start":{"line":66,"column":12},"end":{"line":66,"column":80}},"19":{"start":{"line":67,"column":12},"end":{"line":67,"column":55}},"20":{"start":{"line":72,"column":4},"end":{"line":82,"column":6}},"21":{"start":{"line":77,"column":12},"end":{"line":79,"column":13}},"22":{"start":{"line":80,"column":12},"end":{"line":80,"column":84}},"23":{"start":{"line":85,"column":0},"end":{"line":85,"column":27}},"24":{"start":{"line":86,"column":0},"end":{"line":86,"column":41}}},"fnMap":{"0":{"name":"mediciones","decl":{"start":{"line":3,"column":15},"end":{"line":3,"column":25}},"loc":{"start":{"line":3,"column":46},"end":{"line":83,"column":1}},"line":3},"1":{"name":"obtenerMediciones","decl":{"start":{"line":8,"column":19},"end":{"line":8,"column":36}},"loc":{"start":{"line":8,"column":41},"end":{"line":26,"column":5}},"line":8},"2":{"name":"obtenerMedicionesSensor","decl":{"start":{"line":29,"column":19},"end":{"line":29,"column":42}},"loc":{"start":{"line":29,"column":55},"end":{"line":56,"column":5}},"line":29},"3":{"name":"(anonymous_3)","decl":{"start":{"line":48,"column":43},"end":{"line":48,"column":44}},"loc":{"start":{"line":48,"column":58},"end":{"line":48,"column":63}},"line":48},"4":{"name":"(anonymous_4)","decl":{"start":{"line":65,"column":17},"end":{"line":65,"column":18}},"loc":{"start":{"line":65,"column":46},"end":{"line":68,"column":9}},"line":65},"5":{"name":"(anonymous_5)","decl":{"start":{"line":76,"column":17},"end":{"line":76,"column":18}},"loc":{"start":{"line":76,"column":46},"end":{"line":81,"column":9}},"line":76}},"branchMap":{},"s":{"0":9,"1":9,"2":1,"3":1,"4":1,"5":1,"6":1,"7":1,"8":0,"9":2,"10":2,"11":1,"12":1,"13":1,"14":5,"15":1,"16":1,"17":9,"18":1,"19":1,"20":9,"21":2,"22":2,"23":9,"24":9},"f":{"0":9,"1":1,"2":2,"3":5,"4":1,"5":2},"b":{},"_coverageSchema":"1a1c01bbd47fc00a2c39e90264f33305004495a9","hash":"30714b5c0ed5b20ad734a34af158f7d89e222940"}
,"/home/cbiale/Escritorio/proyecto_final/aplicaciones/backend/routes/nodos.js": {"path":"/home/cbiale/Escritorio/proyecto_final/aplicaciones/backend/routes/nodos.js","statementMap":{"0":{"start":{"line":4,"column":18},"end":{"line":4,"column":45}},"1":{"start":{"line":5,"column":17},"end":{"line":5,"column":30}},"2":{"start":{"line":9,"column":8},"end":{"line":21,"column":9}},"3":{"start":{"line":10,"column":27},"end":{"line":10,"column":73}},"4":{"start":{"line":13,"column":22},"end":{"line":16,"column":13}},"5":{"start":{"line":17,"column":30},"end":{"line":17,"column":49}},"6":{"start":{"line":18,"column":12},"end":{"line":18,"column":33}},"7":{"start":{"line":20,"column":12},"end":{"line":20,"column":34}},"8":{"start":{"line":26,"column":8},"end":{"line":31,"column":9}},"9":{"start":{"line":27,"column":30},"end":{"line":27,"column":49}},"10":{"start":{"line":28,"column":12},"end":{"line":28,"column":28}},"11":{"start":{"line":30,"column":12},"end":{"line":30,"column":34}},"12":{"start":{"line":36,"column":8},"end":{"line":51,"column":9}},"13":{"start":{"line":37,"column":12},"end":{"line":39,"column":69}},"14":{"start":{"line":40,"column":12},"end":{"line":40,"column":63}},"15":{"start":{"line":41,"column":12},"end":{"line":41,"column":65}},"16":{"start":{"line":43,"column":30},"end":{"line":47,"column":14}},"17":{"start":{"line":48,"column":12},"end":{"line":48,"column":28}},"18":{"start":{"line":50,"column":12},"end":{"line":50,"column":34}},"19":{"start":{"line":56,"column":8},"end":{"line":87,"column":9}},"20":{"start":{"line":57,"column":12},"end":{"line":59,"column":69}},"21":{"start":{"line":60,"column":12},"end":{"line":60,"column":63}},"22":{"start":{"line":61,"column":12},"end":{"line":61,"column":65}},"23":{"start":{"line":62,"column":12},"end":{"line":70,"column":13}},"24":{"start":{"line":63,"column":16},"end":{"line":63,"column":63}},"25":{"start":{"line":65,"column":29},"end":{"line":68,"column":17}},"26":{"start":{"line":69,"column":16},"end":{"line":69,"column":74}},"27":{"start":{"line":72,"column":30},"end":{"line":83,"column":14}},"28":{"start":{"line":84,"column":12},"end":{"line":84,"column":28}},"29":{"start":{"line":86,"column":12},"end":{"line":86,"column":34}},"30":{"start":{"line":92,"column":8},"end":{"line":97,"column":9}},"31":{"start":{"line":93,"column":30},"end":{"line":93,"column":58}},"32":{"start":{"line":94,"column":12},"end":{"line":94,"column":28}},"33":{"start":{"line":96,"column":12},"end":{"line":96,"column":34}},"34":{"start":{"line":103,"column":4},"end":{"line":111,"column":6}},"35":{"start":{"line":108,"column":12},"end":{"line":108,"column":49}},"36":{"start":{"line":109,"column":12},"end":{"line":109,"column":33}},"37":{"start":{"line":114,"column":4},"end":{"line":124,"column":6}},"38":{"start":{"line":119,"column":12},"end":{"line":121,"column":13}},"39":{"start":{"line":122,"column":12},"end":{"line":122,"column":42}},"40":{"start":{"line":127,"column":4},"end":{"line":135,"column":6}},"41":{"start":{"line":132,"column":12},"end":{"line":132,"column":73}},"42":{"start":{"line":133,"column":12},"end":{"line":133,"column":49}},"43":{"start":{"line":138,"column":4},"end":{"line":149,"column":6}},"44":{"start":{"line":143,"column":12},"end":{"line":146,"column":13}},"45":{"start":{"line":147,"column":12},"end":{"line":147,"column":65}},"46":{"start":{"line":152,"column":4},"end":{"line":164,"column":6}},"47":{"start":{"line":157,"column":12},"end":{"line":161,"column":13}},"48":{"start":{"line":162,"column":12},"end":{"line":162,"column":72}},"49":{"start":{"line":167,"column":0},"end":{"line":167,"column":22}},"50":{"start":{"line":168,"column":0},"end":{"line":168,"column":36}}},"fnMap":{"0":{"name":"nodos","decl":{"start":{"line":3,"column":15},"end":{"line":3,"column":20}},"loc":{"start":{"line":3,"column":41},"end":{"line":165,"column":1}},"line":3},"1":{"name":"obtenerNodos","decl":{"start":{"line":8,"column":19},"end":{"line":8,"column":31}},"loc":{"start":{"line":8,"column":34},"end":{"line":22,"column":5}},"line":8},"2":{"name":"obtenerNodo","decl":{"start":{"line":25,"column":19},"end":{"line":25,"column":30}},"loc":{"start":{"line":25,"column":35},"end":{"line":32,"column":5}},"line":25},"3":{"name":"crearNodo","decl":{"start":{"line":35,"column":19},"end":{"line":35,"column":28}},"loc":{"start":{"line":35,"column":41},"end":{"line":52,"column":5}},"line":35},"4":{"name":"modificarNodo","decl":{"start":{"line":55,"column":19},"end":{"line":55,"column":32}},"loc":{"start":{"line":55,"column":49},"end":{"line":88,"column":5}},"line":55},"5":{"name":"eliminarNodo","decl":{"start":{"line":91,"column":19},"end":{"line":91,"column":31}},"loc":{"start":{"line":91,"column":41},"end":{"line":98,"column":5}},"line":91},"6":{"name":"(anonymous_6)","decl":{"start":{"line":107,"column":17},"end":{"line":107,"column":18}},"loc":{"start":{"line":107,"column":46},"end":{"line":110,"column":9}},"line":107},"7":{"name":"(anonymous_7)","decl":{"start":{"line":118,"column":17},"end":{"line":118,"column":18}},"loc":{"start":{"line":118,"column":46},"end":{"line":123,"column":9}},"line":118},"8":{"name":"(anonymous_8)","decl":{"start":{"line":131,"column":17},"end":{"line":131,"column":18}},"loc":{"start":{"line":131,"column":46},"end":{"line":134,"column":9}},"line":131},"9":{"name":"(anonymous_9)","decl":{"start":{"line":142,"column":17},"end":{"line":142,"column":18}},"loc":{"start":{"line":142,"column":46},"end":{"line":148,"column":9}},"line":142},"10":{"name":"(anonymous_10)","decl":{"start":{"line":156,"column":17},"end":{"line":156,"column":18}},"loc":{"start":{"line":156,"column":46},"end":{"line":163,"column":9}},"line":156}},"branchMap":{"0":{"loc":{"start":{"line":62,"column":12},"end":{"line":70,"column":13}},"type":"if","locations":[{"start":{"line":62,"column":12},"end":{"line":70,"column":13}},{"start":{},"end":{}}],"line":62},"1":{"loc":{"start":{"line":79,"column":20},"end":{"line":79,"column":70}},"type":"binary-expr","locations":[{"start":{"line":79,"column":20},"end":{"line":79,"column":37}},{"start":{"line":79,"column":41},"end":{"line":79,"column":70}}],"line":79},"2":{"loc":{"start":{"line":80,"column":20},"end":{"line":80,"column":76}},"type":"binary-expr","locations":[{"start":{"line":80,"column":20},"end":{"line":80,"column":39}},{"start":{"line":80,"column":43},"end":{"line":80,"column":76}}],"line":80},"3":{"loc":{"start":{"line":81,"column":20},"end":{"line":81,"column":82}},"type":"binary-expr","locations":[{"start":{"line":81,"column":20},"end":{"line":81,"column":41}},{"start":{"line":81,"column":45},"end":{"line":81,"column":82}}],"line":81},"4":{"loc":{"start":{"line":82,"column":20},"end":{"line":82,"column":70}},"type":"binary-expr","locations":[{"start":{"line":82,"column":20},"end":{"line":82,"column":37}},{"start":{"line":82,"column":41},"end":{"line":82,"column":70}}],"line":82}},"s":{"0":9,"1":9,"2":2,"3":2,"4":2,"5":2,"6":2,"7":0,"8":1,"9":1,"10":1,"11":0,"12":1,"13":1,"14":1,"15":1,"16":1,"17":1,"18":0,"19":1,"20":1,"21":1,"22":1,"23":1,"24":0,"25":0,"26":0,"27":1,"28":1,"29":0,"30":1,"31":1,"32":1,"33":0,"34":9,"35":2,"36":2,"37":9,"38":1,"39":1,"40":9,"41":1,"42":1,"43":9,"44":1,"45":1,"46":9,"47":1,"48":1,"49":9,"50":9},"f":{"0":9,"1":2,"2":1,"3":1,"4":1,"5":1,"6":2,"7":1,"8":1,"9":1,"10":1},"b":{"0":[0,1],"1":[1,0],"2":[1,0],"3":[1,0],"4":[1,0]},"_coverageSchema":"1a1c01bbd47fc00a2c39e90264f33305004495a9","hash":"7aacc64adea57887639add37d59c474daac1ed8d"}
,"/home/cbiale/Escritorio/proyecto_final/aplicaciones/backend/routes/reglas.js": {"path":"/home/cbiale/Escritorio/proyecto_final/aplicaciones/backend/routes/reglas.js","statementMap":{"0":{"start":{"line":4,"column":19},"end":{"line":4,"column":47}},"1":{"start":{"line":8,"column":8},"end":{"line":19,"column":9}},"2":{"start":{"line":10,"column":27},"end":{"line":10,"column":74}},"3":{"start":{"line":11,"column":22},"end":{"line":14,"column":13}},"4":{"start":{"line":15,"column":30},"end":{"line":15,"column":50}},"5":{"start":{"line":16,"column":12},"end":{"line":16,"column":33}},"6":{"start":{"line":18,"column":12},"end":{"line":18,"column":34}},"7":{"start":{"line":24,"column":8},"end":{"line":29,"column":9}},"8":{"start":{"line":25,"column":30},"end":{"line":25,"column":50}},"9":{"start":{"line":26,"column":12},"end":{"line":26,"column":28}},"10":{"start":{"line":28,"column":12},"end":{"line":28,"column":34}},"11":{"start":{"line":34,"column":8},"end":{"line":47,"column":9}},"12":{"start":{"line":35,"column":12},"end":{"line":37,"column":68}},"13":{"start":{"line":39,"column":30},"end":{"line":43,"column":14}},"14":{"start":{"line":44,"column":12},"end":{"line":44,"column":28}},"15":{"start":{"line":46,"column":12},"end":{"line":46,"column":34}},"16":{"start":{"line":52,"column":8},"end":{"line":67,"column":9}},"17":{"start":{"line":53,"column":12},"end":{"line":55,"column":68}},"18":{"start":{"line":57,"column":30},"end":{"line":63,"column":14}},"19":{"start":{"line":64,"column":12},"end":{"line":64,"column":28}},"20":{"start":{"line":66,"column":12},"end":{"line":66,"column":34}},"21":{"start":{"line":72,"column":8},"end":{"line":77,"column":9}},"22":{"start":{"line":73,"column":30},"end":{"line":73,"column":59}},"23":{"start":{"line":74,"column":12},"end":{"line":74,"column":28}},"24":{"start":{"line":76,"column":12},"end":{"line":76,"column":34}},"25":{"start":{"line":83,"column":4},"end":{"line":91,"column":6}},"26":{"start":{"line":88,"column":12},"end":{"line":88,"column":50}},"27":{"start":{"line":89,"column":12},"end":{"line":89,"column":34}},"28":{"start":{"line":94,"column":4},"end":{"line":104,"column":6}},"29":{"start":{"line":99,"column":12},"end":{"line":101,"column":13}},"30":{"start":{"line":102,"column":12},"end":{"line":102,"column":43}},"31":{"start":{"line":107,"column":4},"end":{"line":115,"column":6}},"32":{"start":{"line":112,"column":12},"end":{"line":112,"column":74}},"33":{"start":{"line":113,"column":12},"end":{"line":113,"column":50}},"34":{"start":{"line":118,"column":4},"end":{"line":130,"column":6}},"35":{"start":{"line":123,"column":12},"end":{"line":127,"column":13}},"36":{"start":{"line":128,"column":12},"end":{"line":128,"column":66}},"37":{"start":{"line":133,"column":4},"end":{"line":145,"column":6}},"38":{"start":{"line":138,"column":12},"end":{"line":142,"column":13}},"39":{"start":{"line":143,"column":12},"end":{"line":143,"column":73}},"40":{"start":{"line":148,"column":0},"end":{"line":148,"column":23}},"41":{"start":{"line":149,"column":0},"end":{"line":149,"column":37}}},"fnMap":{"0":{"name":"reglas","decl":{"start":{"line":3,"column":15},"end":{"line":3,"column":21}},"loc":{"start":{"line":3,"column":42},"end":{"line":146,"column":1}},"line":3},"1":{"name":"obtenerReglas","decl":{"start":{"line":7,"column":19},"end":{"line":7,"column":32}},"loc":{"start":{"line":7,"column":35},"end":{"line":20,"column":5}},"line":7},"2":{"name":"obtenerRegla","decl":{"start":{"line":23,"column":19},"end":{"line":23,"column":31}},"loc":{"start":{"line":23,"column":36},"end":{"line":30,"column":5}},"line":23},"3":{"name":"crearRegla","decl":{"start":{"line":33,"column":19},"end":{"line":33,"column":29}},"loc":{"start":{"line":33,"column":42},"end":{"line":48,"column":5}},"line":33},"4":{"name":"modificarRegla","decl":{"start":{"line":51,"column":19},"end":{"line":51,"column":33}},"loc":{"start":{"line":51,"column":50},"end":{"line":68,"column":5}},"line":51},"5":{"name":"eliminarRegla","decl":{"start":{"line":71,"column":19},"end":{"line":71,"column":32}},"loc":{"start":{"line":71,"column":42},"end":{"line":78,"column":5}},"line":71},"6":{"name":"(anonymous_6)","decl":{"start":{"line":87,"column":17},"end":{"line":87,"column":18}},"loc":{"start":{"line":87,"column":46},"end":{"line":90,"column":9}},"line":87},"7":{"name":"(anonymous_7)","decl":{"start":{"line":98,"column":17},"end":{"line":98,"column":18}},"loc":{"start":{"line":98,"column":46},"end":{"line":103,"column":9}},"line":98},"8":{"name":"(anonymous_8)","decl":{"start":{"line":111,"column":17},"end":{"line":111,"column":18}},"loc":{"start":{"line":111,"column":46},"end":{"line":114,"column":9}},"line":111},"9":{"name":"(anonymous_9)","decl":{"start":{"line":122,"column":17},"end":{"line":122,"column":18}},"loc":{"start":{"line":122,"column":46},"end":{"line":129,"column":9}},"line":122},"10":{"name":"(anonymous_10)","decl":{"start":{"line":137,"column":17},"end":{"line":137,"column":18}},"loc":{"start":{"line":137,"column":46},"end":{"line":144,"column":9}},"line":137}},"branchMap":{},"s":{"0":9,"1":2,"2":2,"3":2,"4":2,"5":2,"6":0,"7":1,"8":1,"9":1,"10":0,"11":1,"12":1,"13":1,"14":1,"15":0,"16":1,"17":1,"18":1,"19":1,"20":0,"21":1,"22":1,"23":1,"24":0,"25":9,"26":2,"27":2,"28":9,"29":1,"30":1,"31":9,"32":1,"33":1,"34":9,"35":1,"36":1,"37":9,"38":1,"39":1,"40":9,"41":9},"f":{"0":9,"1":2,"2":1,"3":1,"4":1,"5":1,"6":2,"7":1,"8":1,"9":1,"10":1},"b":{},"_coverageSchema":"1a1c01bbd47fc00a2c39e90264f33305004495a9","hash":"57a46b1973379ef22dea6e26f80ac4390c659515"}
,"/home/cbiale/Escritorio/proyecto_final/aplicaciones/backend/routes/sensores.js": {"path":"/home/cbiale/Escritorio/proyecto_final/aplicaciones/backend/routes/sensores.js","statementMap":{"0":{"start":{"line":4,"column":21},"end":{"line":4,"column":51}},"1":{"start":{"line":7,"column":8},"end":{"line":19,"column":9}},"2":{"start":{"line":9,"column":27},"end":{"line":9,"column":76}},"3":{"start":{"line":10,"column":22},"end":{"line":14,"column":13}},"4":{"start":{"line":15,"column":30},"end":{"line":15,"column":52}},"5":{"start":{"line":16,"column":12},"end":{"line":16,"column":33}},"6":{"start":{"line":18,"column":12},"end":{"line":18,"column":34}},"7":{"start":{"line":24,"column":8},"end":{"line":29,"column":9}},"8":{"start":{"line":25,"column":30},"end":{"line":25,"column":52}},"9":{"start":{"line":26,"column":12},"end":{"line":26,"column":28}},"10":{"start":{"line":28,"column":12},"end":{"line":28,"column":34}},"11":{"start":{"line":34,"column":8},"end":{"line":51,"column":9}},"12":{"start":{"line":35,"column":23},"end":{"line":35,"column":86}},"13":{"start":{"line":37,"column":16},"end":{"line":38,"column":68}},"14":{"start":{"line":40,"column":16},"end":{"line":41,"column":64}},"15":{"start":{"line":43,"column":30},"end":{"line":47,"column":14}},"16":{"start":{"line":48,"column":12},"end":{"line":48,"column":28}},"17":{"start":{"line":50,"column":12},"end":{"line":50,"column":34}},"18":{"start":{"line":56,"column":8},"end":{"line":74,"column":9}},"19":{"start":{"line":58,"column":16},"end":{"line":59,"column":68}},"20":{"start":{"line":62,"column":16},"end":{"line":63,"column":71}},"21":{"start":{"line":65,"column":30},"end":{"line":70,"column":14}},"22":{"start":{"line":71,"column":12},"end":{"line":71,"column":28}},"23":{"start":{"line":73,"column":12},"end":{"line":73,"column":34}},"24":{"start":{"line":79,"column":8},"end":{"line":84,"column":9}},"25":{"start":{"line":80,"column":30},"end":{"line":80,"column":61}},"26":{"start":{"line":81,"column":12},"end":{"line":81,"column":28}},"27":{"start":{"line":83,"column":12},"end":{"line":83,"column":34}},"28":{"start":{"line":90,"column":4},"end":{"line":98,"column":6}},"29":{"start":{"line":95,"column":12},"end":{"line":95,"column":52}},"30":{"start":{"line":96,"column":12},"end":{"line":96,"column":36}},"31":{"start":{"line":101,"column":4},"end":{"line":111,"column":6}},"32":{"start":{"line":106,"column":12},"end":{"line":108,"column":13}},"33":{"start":{"line":109,"column":12},"end":{"line":109,"column":44}},"34":{"start":{"line":114,"column":4},"end":{"line":122,"column":6}},"35":{"start":{"line":119,"column":12},"end":{"line":119,"column":75}},"36":{"start":{"line":120,"column":12},"end":{"line":120,"column":51}},"37":{"start":{"line":125,"column":4},"end":{"line":137,"column":6}},"38":{"start":{"line":130,"column":12},"end":{"line":134,"column":13}},"39":{"start":{"line":135,"column":12},"end":{"line":135,"column":67}},"40":{"start":{"line":140,"column":4},"end":{"line":148,"column":6}},"41":{"start":{"line":145,"column":12},"end":{"line":145,"column":116}},"42":{"start":{"line":146,"column":12},"end":{"line":146,"column":74}},"43":{"start":{"line":151,"column":0},"end":{"line":151,"column":25}},"44":{"start":{"line":152,"column":0},"end":{"line":152,"column":39}}},"fnMap":{"0":{"name":"sensores","decl":{"start":{"line":3,"column":15},"end":{"line":3,"column":23}},"loc":{"start":{"line":3,"column":44},"end":{"line":149,"column":1}},"line":3},"1":{"name":"obtenerSensores","decl":{"start":{"line":6,"column":19},"end":{"line":6,"column":34}},"loc":{"start":{"line":6,"column":37},"end":{"line":20,"column":5}},"line":6},"2":{"name":"obtenerSensor","decl":{"start":{"line":23,"column":19},"end":{"line":23,"column":32}},"loc":{"start":{"line":23,"column":37},"end":{"line":30,"column":5}},"line":23},"3":{"name":"crearSensor","decl":{"start":{"line":33,"column":19},"end":{"line":33,"column":30}},"loc":{"start":{"line":33,"column":43},"end":{"line":52,"column":5}},"line":33},"4":{"name":"modificarSensor","decl":{"start":{"line":55,"column":19},"end":{"line":55,"column":34}},"loc":{"start":{"line":55,"column":51},"end":{"line":75,"column":5}},"line":55},"5":{"name":"eliminarSensor","decl":{"start":{"line":78,"column":19},"end":{"line":78,"column":33}},"loc":{"start":{"line":78,"column":43},"end":{"line":85,"column":5}},"line":78},"6":{"name":"(anonymous_6)","decl":{"start":{"line":94,"column":17},"end":{"line":94,"column":18}},"loc":{"start":{"line":94,"column":46},"end":{"line":97,"column":9}},"line":94},"7":{"name":"(anonymous_7)","decl":{"start":{"line":105,"column":17},"end":{"line":105,"column":18}},"loc":{"start":{"line":105,"column":46},"end":{"line":110,"column":9}},"line":105},"8":{"name":"(anonymous_8)","decl":{"start":{"line":118,"column":17},"end":{"line":118,"column":18}},"loc":{"start":{"line":118,"column":46},"end":{"line":121,"column":9}},"line":118},"9":{"name":"(anonymous_9)","decl":{"start":{"line":129,"column":17},"end":{"line":129,"column":18}},"loc":{"start":{"line":129,"column":46},"end":{"line":136,"column":9}},"line":129},"10":{"name":"(anonymous_10)","decl":{"start":{"line":144,"column":17},"end":{"line":144,"column":18}},"loc":{"start":{"line":144,"column":46},"end":{"line":147,"column":9}},"line":144}},"branchMap":{},"s":{"0":9,"1":2,"2":2,"3":2,"4":2,"5":2,"6":0,"7":1,"8":1,"9":1,"10":0,"11":1,"12":1,"13":1,"14":1,"15":1,"16":1,"17":0,"18":1,"19":1,"20":1,"21":1,"22":1,"23":0,"24":1,"25":1,"26":1,"27":0,"28":9,"29":2,"30":2,"31":9,"32":1,"33":1,"34":9,"35":1,"36":1,"37":9,"38":1,"39":1,"40":9,"41":1,"42":1,"43":9,"44":9},"f":{"0":9,"1":2,"2":1,"3":1,"4":1,"5":1,"6":2,"7":1,"8":1,"9":1,"10":1},"b":{},"_coverageSchema":"1a1c01bbd47fc00a2c39e90264f33305004495a9","hash":"6776dfd77b05337f913dc1db0ef394023a0af9a3"}
,"/home/cbiale/Escritorio/proyecto_final/aplicaciones/backend/routes/usuarios.js": {"path":"/home/cbiale/Escritorio/proyecto_final/aplicaciones/backend/routes/usuarios.js","statementMap":{"0":{"start":{"line":4,"column":15},"end":{"line":4,"column":32}},"1":{"start":{"line":7,"column":21},"end":{"line":7,"column":51}},"2":{"start":{"line":11,"column":8},"end":{"line":24,"column":9}},"3":{"start":{"line":13,"column":27},"end":{"line":13,"column":76}},"4":{"start":{"line":14,"column":22},"end":{"line":19,"column":13}},"5":{"start":{"line":20,"column":30},"end":{"line":20,"column":52}},"6":{"start":{"line":21,"column":12},"end":{"line":21,"column":33}},"7":{"start":{"line":23,"column":12},"end":{"line":23,"column":34}},"8":{"start":{"line":29,"column":8},"end":{"line":38,"column":9}},"9":{"start":{"line":30,"column":28},"end":{"line":30,"column":32}},"10":{"start":{"line":31,"column":12},"end":{"line":34,"column":13}},"11":{"start":{"line":32,"column":34},"end":{"line":32,"column":56}},"12":{"start":{"line":33,"column":16},"end":{"line":33,"column":32}},"13":{"start":{"line":35,"column":12},"end":{"line":35,"column":28}},"14":{"start":{"line":37,"column":12},"end":{"line":37,"column":34}},"15":{"start":{"line":43,"column":8},"end":{"line":56,"column":9}},"16":{"start":{"line":44,"column":23},"end":{"line":44,"column":43}},"17":{"start":{"line":45,"column":29},"end":{"line":45,"column":55}},"18":{"start":{"line":46,"column":25},"end":{"line":46,"column":52}},"19":{"start":{"line":48,"column":30},"end":{"line":52,"column":14}},"20":{"start":{"line":53,"column":12},"end":{"line":53,"column":28}},"21":{"start":{"line":55,"column":12},"end":{"line":55,"column":34}},"22":{"start":{"line":61,"column":8},"end":{"line":75,"column":9}},"23":{"start":{"line":62,"column":29},"end":{"line":62,"column":55}},"24":{"start":{"line":63,"column":25},"end":{"line":63,"column":52}},"25":{"start":{"line":65,"column":30},"end":{"line":70,"column":14}},"26":{"start":{"line":71,"column":12},"end":{"line":71,"column":28}},"27":{"start":{"line":74,"column":12},"end":{"line":74,"column":34}},"28":{"start":{"line":80,"column":8},"end":{"line":85,"column":9}},"29":{"start":{"line":81,"column":30},"end":{"line":81,"column":61}},"30":{"start":{"line":82,"column":12},"end":{"line":82,"column":28}},"31":{"start":{"line":84,"column":12},"end":{"line":84,"column":34}},"32":{"start":{"line":91,"column":4},"end":{"line":99,"column":6}},"33":{"start":{"line":96,"column":12},"end":{"line":96,"column":52}},"34":{"start":{"line":97,"column":12},"end":{"line":97,"column":36}},"35":{"start":{"line":102,"column":4},"end":{"line":112,"column":6}},"36":{"start":{"line":107,"column":12},"end":{"line":109,"column":13}},"37":{"start":{"line":110,"column":12},"end":{"line":110,"column":45}},"38":{"start":{"line":115,"column":4},"end":{"line":123,"column":6}},"39":{"start":{"line":120,"column":12},"end":{"line":120,"column":76}},"40":{"start":{"line":121,"column":12},"end":{"line":121,"column":52}},"41":{"start":{"line":126,"column":4},"end":{"line":138,"column":6}},"42":{"start":{"line":131,"column":12},"end":{"line":135,"column":13}},"43":{"start":{"line":136,"column":12},"end":{"line":136,"column":68}},"44":{"start":{"line":141,"column":4},"end":{"line":149,"column":6}},"45":{"start":{"line":146,"column":12},"end":{"line":146,"column":117}},"46":{"start":{"line":147,"column":12},"end":{"line":147,"column":75}},"47":{"start":{"line":152,"column":0},"end":{"line":152,"column":25}},"48":{"start":{"line":153,"column":0},"end":{"line":153,"column":39}}},"fnMap":{"0":{"name":"usuarios","decl":{"start":{"line":6,"column":15},"end":{"line":6,"column":23}},"loc":{"start":{"line":6,"column":44},"end":{"line":150,"column":1}},"line":6},"1":{"name":"obtenerUsuarios","decl":{"start":{"line":10,"column":19},"end":{"line":10,"column":34}},"loc":{"start":{"line":10,"column":37},"end":{"line":25,"column":5}},"line":10},"2":{"name":"obtenerUsuario","decl":{"start":{"line":28,"column":19},"end":{"line":28,"column":33}},"loc":{"start":{"line":28,"column":38},"end":{"line":39,"column":5}},"line":28},"3":{"name":"crearUsuario","decl":{"start":{"line":42,"column":19},"end":{"line":42,"column":31}},"loc":{"start":{"line":42,"column":44},"end":{"line":57,"column":5}},"line":42},"4":{"name":"modificarUsuario","decl":{"start":{"line":60,"column":19},"end":{"line":60,"column":35}},"loc":{"start":{"line":60,"column":52},"end":{"line":76,"column":5}},"line":60},"5":{"name":"eliminarUsuario","decl":{"start":{"line":79,"column":19},"end":{"line":79,"column":34}},"loc":{"start":{"line":79,"column":44},"end":{"line":86,"column":5}},"line":79},"6":{"name":"(anonymous_6)","decl":{"start":{"line":95,"column":17},"end":{"line":95,"column":18}},"loc":{"start":{"line":95,"column":46},"end":{"line":98,"column":9}},"line":95},"7":{"name":"(anonymous_7)","decl":{"start":{"line":106,"column":17},"end":{"line":106,"column":18}},"loc":{"start":{"line":106,"column":46},"end":{"line":111,"column":9}},"line":106},"8":{"name":"(anonymous_8)","decl":{"start":{"line":119,"column":17},"end":{"line":119,"column":18}},"loc":{"start":{"line":119,"column":46},"end":{"line":122,"column":9}},"line":119},"9":{"name":"(anonymous_9)","decl":{"start":{"line":130,"column":17},"end":{"line":130,"column":18}},"loc":{"start":{"line":130,"column":46},"end":{"line":137,"column":9}},"line":130},"10":{"name":"(anonymous_10)","decl":{"start":{"line":145,"column":17},"end":{"line":145,"column":18}},"loc":{"start":{"line":145,"column":46},"end":{"line":148,"column":9}},"line":145}},"branchMap":{"0":{"loc":{"start":{"line":31,"column":12},"end":{"line":34,"column":13}},"type":"if","locations":[{"start":{"line":31,"column":12},"end":{"line":34,"column":13}},{"start":{},"end":{}}],"line":31}},"s":{"0":9,"1":9,"2":2,"3":2,"4":2,"5":2,"6":2,"7":0,"8":2,"9":2,"10":2,"11":1,"12":1,"13":1,"14":0,"15":1,"16":1,"17":1,"18":1,"19":1,"20":1,"21":0,"22":1,"23":1,"24":1,"25":1,"26":1,"27":0,"28":1,"29":1,"30":1,"31":0,"32":9,"33":2,"34":2,"35":9,"36":1,"37":1,"38":9,"39":2,"40":2,"41":9,"42":1,"43":1,"44":9,"45":1,"46":1,"47":9,"48":9},"f":{"0":9,"1":2,"2":2,"3":1,"4":1,"5":1,"6":2,"7":1,"8":2,"9":1,"10":1},"b":{"0":[1,1]},"_coverageSchema":"1a1c01bbd47fc00a2c39e90264f33305004495a9","hash":"6c85435a4609487991e9bae6032d3f50bef825b8"}
}
