TN:
SF:app.js
FN:11,build
FN:37,(anonymous_1)
FN:59,(anonymous_2)
FN:75,(anonymous_3)
FNF:4
FNH:4
FNDA:1,build
FNDA:1,(anonymous_1)
FNDA:1,(anonymous_2)
FNDA:1,(anonymous_3)
DA:3,1
DA:4,1
DA:5,1
DA:7,1
DA:8,1
DA:9,1
DA:11,1
DA:12,1
DA:20,1
DA:22,1
DA:32,1
DA:38,1
DA:39,1
DA:45,1
DA:51,1
DA:59,1
DA:75,1
DA:83,1
DA:84,1
LF:19
LH:19
BRDA:11,0,0,1
BRDA:38,1,0,0
BRDA:38,1,1,1
BRDA:46,2,0,1
BRDA:46,2,1,1
BRF:5
BRH:4
end_of_record
TN:
SF:plugins/autenticar.js
FN:5,autenticar
FN:13,(anonymous_1)
FNF:2
FNH:1
FNDA:1,autenticar
FNDA:0,(anonymous_1)
DA:3,1
DA:6,1
DA:8,1
DA:13,1
DA:14,0
DA:18,0
DA:20,0
DA:26,1
LF:8
LH:5
BRF:0
BRH:0
end_of_record
TN:
SF:plugins/db.js
FN:7,conectar
FN:18,iniciar
FNF:2
FNH:2
FNDA:1,conectar
FNDA:1,iniciar
DA:3,1
DA:4,1
DA:8,1
DA:9,1
DA:10,1
DA:13,0
DA:14,0
DA:19,1
DA:20,1
DA:22,1
DA:23,1
DA:26,0
DA:27,0
DA:34,0
DA:35,0
DA:36,0
DA:37,0
DA:38,0
DA:39,0
DA:40,0
DA:43,0
DA:44,0
DA:54,0
DA:55,0
DA:56,0
DA:59,0
DA:60,0
DA:70,0
DA:71,0
DA:74,1
DA:76,1
DA:80,1
LF:32
LH:12
BRF:0
BRH:0
end_of_record
TN:
SF:plugins/mqtt.js
FN:10,conectar
FN:36,(anonymous_1)
FN:63,agregarMedicion
FN:123,controlarReglas
FN:140,(anonymous_4)
FN:166,agregarLog
FN:209,agregarInicio
FN:235,(anonymous_7)
FN:240,(anonymous_8)
FNF:9
FNH:1
FNDA:1,conectar
FNDA:0,(anonymous_1)
FNDA:0,agregarMedicion
FNDA:0,controlarReglas
FNDA:0,(anonymous_4)
FNDA:0,agregarLog
FNDA:0,agregarInicio
FNDA:0,(anonymous_7)
FNDA:0,(anonymous_8)
DA:3,1
DA:4,1
DA:5,1
DA:6,1
DA:7,1
DA:11,1
DA:12,1
DA:13,1
DA:14,1
DA:15,1
DA:16,1
DA:18,1
DA:19,1
DA:20,1
DA:21,1
DA:24,1
DA:26,1
DA:28,1
DA:30,0
DA:31,0
DA:34,1
DA:36,1
DA:37,0
DA:38,0
DA:39,0
DA:40,0
DA:41,0
DA:43,0
DA:44,0
DA:45,0
DA:47,0
DA:48,0
DA:49,0
DA:52,0
DA:56,0
DA:60,1
DA:65,0
DA:67,0
DA:70,0
DA:73,0
DA:76,0
DA:78,0
DA:80,0
DA:81,0
DA:83,0
DA:86,0
DA:88,0
DA:90,0
DA:91,0
DA:95,0
DA:97,0
DA:98,0
DA:106,0
DA:107,0
DA:110,0
DA:115,0
DA:118,0
DA:125,0
DA:127,0
DA:128,0
DA:131,0
DA:132,0
DA:134,0
DA:136,0
DA:137,0
DA:138,0
DA:140,0
DA:141,0
DA:143,0
DA:144,0
DA:146,0
DA:151,0
DA:158,0
DA:160,0
DA:168,0
DA:170,0
DA:173,0
DA:176,0
DA:179,0
DA:181,0
DA:182,0
DA:183,0
DA:184,0
DA:188,0
DA:189,0
DA:191,0
DA:198,0
DA:201,0
DA:204,0
DA:211,0
DA:213,0
DA:216,0
DA:219,0
DA:222,0
DA:223,0
DA:227,0
DA:233,0
DA:234,0
DA:235,0
DA:238,0
DA:239,0
DA:240,0
DA:242,0
DA:249,0
DA:255,0
DA:256,0
DA:257,0
DA:261,0
DA:262,0
DA:272,0
DA:273,0
DA:274,0
DA:280,0
DA:281,0
DA:283,0
DA:284,0
DA:287,0
DA:295,0
DA:307,0
DA:311,0
DA:312,0
DA:323,0
DA:329,1
LF:123
LH:22
BRDA:19,0,0,1
BRDA:19,0,1,1
BRDA:39,1,0,0
BRDA:39,1,1,0
BRDA:43,2,0,0
BRDA:43,2,1,0
BRDA:47,3,0,0
BRDA:47,3,1,0
BRDA:76,4,0,0
BRDA:76,4,1,0
BRDA:88,5,0,0
BRDA:88,5,1,0
BRDA:95,6,0,0
BRDA:95,6,1,0
BRDA:106,7,0,0
BRDA:106,7,1,0
BRDA:143,8,0,0
BRDA:143,8,1,0
BRDA:179,9,0,0
BRDA:179,9,1,0
BRDA:184,10,0,0
BRDA:184,10,1,0
BRDA:185,11,0,0
BRDA:185,11,1,0
BRDA:222,12,0,0
BRDA:222,12,1,0
BRDA:249,13,0,0
BRDA:249,13,1,0
BRDA:250,14,0,0
BRDA:250,14,1,0
BRDA:250,14,2,0
BRDA:250,14,3,0
BRDA:261,15,0,0
BRDA:261,15,1,0
BRDA:261,16,0,0
BRDA:261,16,1,0
BRDA:283,17,0,0
BRDA:283,17,1,0
BRDA:301,18,0,0
BRDA:301,18,1,0
BRDA:311,19,0,0
BRDA:311,19,1,0
BRF:42
BRH:2
end_of_record
TN:
SF:routes/actuadores.js
FN:3,actuadores
FN:7,obtenerActuadores
FN:23,obtenerActuador
FN:33,crearActuador
FN:55,modificarActuador
FN:77,eliminarActuador
FN:93,(anonymous_6)
FN:104,(anonymous_7)
FN:117,(anonymous_8)
FN:128,(anonymous_9)
FN:143,(anonymous_10)
FNF:11
FNH:1
FNDA:1,actuadores
FNDA:0,obtenerActuadores
FNDA:0,obtenerActuador
FNDA:0,crearActuador
FNDA:0,modificarActuador
FNDA:0,eliminarActuador
FNDA:0,(anonymous_6)
FNDA:0,(anonymous_7)
FNDA:0,(anonymous_8)
FNDA:0,(anonymous_9)
FNDA:0,(anonymous_10)
DA:4,1
DA:8,0
DA:10,0
DA:11,0
DA:15,0
DA:16,0
DA:18,0
DA:24,0
DA:25,0
DA:26,0
DA:28,0
DA:34,0
DA:35,0
DA:37,0
DA:40,0
DA:43,0
DA:48,0
DA:50,0
DA:56,0
DA:58,0
DA:61,0
DA:64,0
DA:70,0
DA:72,0
DA:78,0
DA:79,0
DA:80,0
DA:82,0
DA:89,1
DA:94,0
DA:95,0
DA:100,1
DA:105,0
DA:108,0
DA:113,1
DA:118,0
DA:119,0
DA:124,1
DA:129,0
DA:134,0
DA:139,1
DA:144,0
DA:145,0
DA:150,1
DA:151,1
LF:45
LH:8
BRF:0
BRH:0
end_of_record
TN:
SF:routes/ingresar.js
FN:3,ingresar
FN:8,obtenerUsuario
FN:39,(anonymous_2)
FNF:3
FNH:1
FNDA:1,ingresar
FNDA:0,obtenerUsuario
FNDA:0,(anonymous_2)
DA:4,1
DA:5,1
DA:9,0
DA:10,0
DA:12,0
DA:13,0
DA:14,0
DA:16,0
DA:22,0
DA:23,0
DA:26,0
DA:29,0
DA:36,1
DA:40,0
DA:45,0
DA:50,1
DA:51,1
LF:17
LH:5
BRDA:16,0,0,0
BRDA:16,0,1,0
BRDA:17,1,0,0
BRDA:17,1,1,0
BRF:4
BRH:0
end_of_record
TN:
SF:routes/logs.js
FN:3,logs
FN:9,obtenerLogs
FN:29,obtenerLogsActuador
FN:47,(anonymous_3)
FN:65,(anonymous_4)
FN:76,(anonymous_5)
FNF:6
FNH:1
FNDA:1,logs
FNDA:0,obtenerLogs
FNDA:0,obtenerLogsActuador
FNDA:0,(anonymous_3)
FNDA:0,(anonymous_4)
FNDA:0,(anonymous_5)
DA:4,1
DA:5,1
DA:6,1
DA:10,0
DA:12,0
DA:13,0
DA:21,0
DA:22,0
DA:24,0
DA:30,0
DA:33,0
DA:36,0
DA:46,0
DA:47,0
DA:49,0
DA:54,0
DA:61,1
DA:66,0
DA:67,0
DA:72,1
DA:77,0
DA:80,0
DA:86,1
DA:87,1
LF:24
LH:7
BRF:0
BRH:0
end_of_record
TN:
SF:routes/mediciones.js
FN:3,mediciones
FN:8,obtenerMediciones
FN:29,obtenerMedicionesSensor
FN:49,(anonymous_3)
FN:50,(anonymous_4)
FN:69,(anonymous_5)
FN:80,(anonymous_6)
FNF:7
FNH:1
FNDA:1,mediciones
FNDA:0,obtenerMediciones
FNDA:0,obtenerMedicionesSensor
FNDA:0,(anonymous_3)
FNDA:0,(anonymous_4)
FNDA:0,(anonymous_5)
FNDA:0,(anonymous_6)
DA:4,1
DA:5,1
DA:9,0
DA:11,0
DA:12,0
DA:20,0
DA:21,0
DA:22,0
DA:24,0
DA:30,0
DA:32,0
DA:36,0
DA:47,0
DA:48,0
DA:49,0
DA:50,0
DA:52,0
DA:58,0
DA:65,1
DA:70,0
DA:71,0
DA:76,1
DA:81,0
DA:84,0
DA:89,1
DA:90,1
LF:26
LH:6
BRF:0
BRH:0
end_of_record
TN:
SF:routes/nodos.js
FN:3,nodos
FN:8,obtenerNodos
FN:25,obtenerNodo
FN:35,crearNodo
FN:55,modificarNodo
FN:91,eliminarNodo
FN:107,(anonymous_6)
FN:118,(anonymous_7)
FN:131,(anonymous_8)
FN:142,(anonymous_9)
FN:156,(anonymous_10)
FNF:11
FNH:1
FNDA:1,nodos
FNDA:0,obtenerNodos
FNDA:0,obtenerNodo
FNDA:0,crearNodo
FNDA:0,modificarNodo
FNDA:0,eliminarNodo
FNDA:0,(anonymous_6)
FNDA:0,(anonymous_7)
FNDA:0,(anonymous_8)
FNDA:0,(anonymous_9)
FNDA:0,(anonymous_10)
DA:4,1
DA:5,1
DA:9,0
DA:10,0
DA:13,0
DA:17,0
DA:18,0
DA:20,0
DA:26,0
DA:27,0
DA:28,0
DA:30,0
DA:36,0
DA:37,0
DA:40,0
DA:41,0
DA:43,0
DA:48,0
DA:50,0
DA:56,0
DA:57,0
DA:60,0
DA:61,0
DA:62,0
DA:63,0
DA:65,0
DA:69,0
DA:72,0
DA:84,0
DA:86,0
DA:92,0
DA:93,0
DA:94,0
DA:96,0
DA:103,1
DA:108,0
DA:109,0
DA:114,1
DA:119,0
DA:122,0
DA:127,1
DA:132,0
DA:133,0
DA:138,1
DA:143,0
DA:147,0
DA:152,1
DA:157,0
DA:162,0
DA:167,1
DA:168,1
LF:51
LH:9
BRDA:62,0,0,0
BRDA:62,0,1,0
BRDA:79,1,0,0
BRDA:79,1,1,0
BRDA:80,2,0,0
BRDA:80,2,1,0
BRDA:81,3,0,0
BRDA:81,3,1,0
BRDA:82,4,0,0
BRDA:82,4,1,0
BRF:10
BRH:0
end_of_record
TN:
SF:routes/reglas.js
FN:3,reglas
FN:7,obtenerReglas
FN:23,obtenerRegla
FN:33,crearRegla
FN:51,modificarRegla
FN:71,eliminarRegla
FN:87,(anonymous_6)
FN:98,(anonymous_7)
FN:111,(anonymous_8)
FN:122,(anonymous_9)
FN:137,(anonymous_10)
FNF:11
FNH:1
FNDA:1,reglas
FNDA:0,obtenerReglas
FNDA:0,obtenerRegla
FNDA:0,crearRegla
FNDA:0,modificarRegla
FNDA:0,eliminarRegla
FNDA:0,(anonymous_6)
FNDA:0,(anonymous_7)
FNDA:0,(anonymous_8)
FNDA:0,(anonymous_9)
FNDA:0,(anonymous_10)
DA:4,1
DA:8,0
DA:10,0
DA:11,0
DA:15,0
DA:16,0
DA:18,0
DA:24,0
DA:25,0
DA:26,0
DA:28,0
DA:34,0
DA:35,0
DA:39,0
DA:44,0
DA:46,0
DA:52,0
DA:53,0
DA:57,0
DA:64,0
DA:66,0
DA:72,0
DA:73,0
DA:74,0
DA:76,0
DA:83,1
DA:88,0
DA:89,0
DA:94,1
DA:99,0
DA:102,0
DA:107,1
DA:112,0
DA:113,0
DA:118,1
DA:123,0
DA:128,0
DA:133,1
DA:138,0
DA:143,0
DA:148,1
DA:149,1
LF:42
LH:8
BRF:0
BRH:0
end_of_record
TN:
SF:routes/sensores.js
FN:3,sensores
FN:6,obtenerSensores
FN:23,obtenerSensor
FN:33,crearSensor
FN:55,modificarSensor
FN:78,eliminarSensor
FN:94,(anonymous_6)
FN:105,(anonymous_7)
FN:118,(anonymous_8)
FN:129,(anonymous_9)
FN:144,(anonymous_10)
FNF:11
FNH:1
FNDA:1,sensores
FNDA:0,obtenerSensores
FNDA:0,obtenerSensor
FNDA:0,crearSensor
FNDA:0,modificarSensor
FNDA:0,eliminarSensor
FNDA:0,(anonymous_6)
FNDA:0,(anonymous_7)
FNDA:0,(anonymous_8)
FNDA:0,(anonymous_9)
FNDA:0,(anonymous_10)
DA:4,1
DA:7,0
DA:9,0
DA:10,0
DA:15,0
DA:16,0
DA:18,0
DA:24,0
DA:25,0
DA:26,0
DA:28,0
DA:34,0
DA:35,0
DA:37,0
DA:40,0
DA:43,0
DA:48,0
DA:50,0
DA:56,0
DA:58,0
DA:62,0
DA:65,0
DA:71,0
DA:73,0
DA:79,0
DA:80,0
DA:81,0
DA:83,0
DA:90,1
DA:95,0
DA:96,0
DA:101,1
DA:106,0
DA:109,0
DA:114,1
DA:119,0
DA:120,0
DA:125,1
DA:130,0
DA:135,0
DA:140,1
DA:145,0
DA:146,0
DA:151,1
DA:152,1
LF:45
LH:8
BRF:0
BRH:0
end_of_record
TN:
SF:routes/usuarios.js
FN:6,usuarios
FN:10,obtenerUsuarios
FN:28,obtenerUsuario
FN:42,crearUsuario
FN:60,modificarUsuario
FN:79,eliminarUsuario
FN:95,(anonymous_6)
FN:106,(anonymous_7)
FN:119,(anonymous_8)
FN:130,(anonymous_9)
FN:145,(anonymous_10)
FNF:11
FNH:1
FNDA:1,usuarios
FNDA:0,obtenerUsuarios
FNDA:0,obtenerUsuario
FNDA:0,crearUsuario
FNDA:0,modificarUsuario
FNDA:0,eliminarUsuario
FNDA:0,(anonymous_6)
FNDA:0,(anonymous_7)
FNDA:0,(anonymous_8)
FNDA:0,(anonymous_9)
FNDA:0,(anonymous_10)
DA:4,1
DA:7,1
DA:11,0
DA:13,0
DA:14,0
DA:20,0
DA:21,0
DA:23,0
DA:29,0
DA:30,0
DA:31,0
DA:32,0
DA:33,0
DA:35,0
DA:37,0
DA:43,0
DA:44,0
DA:45,0
DA:46,0
DA:48,0
DA:53,0
DA:55,0
DA:61,0
DA:62,0
DA:63,0
DA:65,0
DA:71,0
DA:74,0
DA:80,0
DA:81,0
DA:82,0
DA:84,0
DA:91,1
DA:96,0
DA:97,0
DA:102,1
DA:107,0
DA:110,0
DA:115,1
DA:120,0
DA:121,0
DA:126,1
DA:131,0
DA:136,0
DA:141,1
DA:146,0
DA:147,0
DA:152,1
DA:153,1
LF:49
LH:9
BRDA:31,0,0,0
BRDA:31,0,1,0
BRF:2
BRH:0
end_of_record
