TN:
SF:app.js
FN:11,build
FN:37,(anonymous_1)
FN:59,(anonymous_2)
FN:75,(anonymous_3)
FNF:4
FNH:4
FNDA:9,build
FNDA:9,(anonymous_1)
FNDA:9,(anonymous_2)
FNDA:9,(anonymous_3)
DA:3,9
DA:4,9
DA:5,9
DA:7,9
DA:8,9
DA:9,9
DA:11,9
DA:12,9
DA:20,9
DA:22,9
DA:32,9
DA:38,9
DA:39,9
DA:45,9
DA:51,9
DA:59,9
DA:75,9
DA:83,9
DA:84,9
LF:19
LH:19
BRDA:11,0,0,9
BRDA:38,1,0,0
BRDA:38,1,1,9
BRDA:46,2,0,9
BRDA:46,2,1,9
BRF:5
BRH:4
end_of_record
TN:
SF:plugins/autenticar.js
FN:5,autenticar
FN:13,(anonymous_1)
FNF:2
FNH:2
FNDA:9,autenticar
FNDA:37,(anonymous_1)
DA:3,9
DA:6,9
DA:8,9
DA:13,9
DA:14,37
DA:18,37
DA:20,0
DA:26,9
LF:8
LH:7
BRF:0
BRH:0
end_of_record
TN:
SF:plugins/db.js
FN:7,conectar
FN:18,iniciar
FNF:2
FNH:2
FNDA:9,conectar
FNDA:9,iniciar
DA:3,9
DA:4,9
DA:8,9
DA:9,9
DA:10,9
DA:13,0
DA:14,0
DA:19,9
DA:20,9
DA:22,9
DA:23,9
DA:26,9
DA:27,9
DA:34,9
DA:35,9
DA:36,9
DA:37,9
DA:38,9
DA:39,9
DA:40,9
DA:43,9
DA:44,9
DA:54,9
DA:55,9
DA:56,9
DA:59,9
DA:60,9
DA:70,9
DA:71,9
DA:74,0
DA:76,9
DA:80,9
LF:32
LH:29
BRF:0
BRH:0
end_of_record
TN:
SF:plugins/mqtt.js
FN:9,conectar
FN:35,(anonymous_1)
FN:62,agregarMedicion
FN:122,controlarReglas
FN:139,(anonymous_4)
FN:165,agregarLog
FN:208,agregarInicio
FN:234,(anonymous_7)
FN:239,(anonymous_8)
FNF:9
FNH:5
FNDA:9,conectar
FNDA:1,(anonymous_1)
FNDA:0,agregarMedicion
FNDA:0,controlarReglas
FNDA:0,(anonymous_4)
FNDA:0,agregarLog
FNDA:1,agregarInicio
FNDA:2,(anonymous_7)
FNDA:1,(anonymous_8)
DA:3,9
DA:4,9
DA:5,9
DA:6,9
DA:10,9
DA:11,9
DA:12,9
DA:13,9
DA:14,9
DA:15,9
DA:17,9
DA:18,9
DA:19,9
DA:20,9
DA:23,9
DA:25,9
DA:27,9
DA:29,0
DA:30,0
DA:33,9
DA:35,9
DA:36,1
DA:37,1
DA:38,1
DA:39,0
DA:40,0
DA:42,1
DA:43,0
DA:44,0
DA:46,1
DA:47,1
DA:48,1
DA:51,0
DA:55,0
DA:59,9
DA:64,0
DA:66,0
DA:69,0
DA:72,0
DA:75,0
DA:77,0
DA:79,0
DA:80,0
DA:82,0
DA:85,0
DA:87,0
DA:89,0
DA:90,0
DA:94,0
DA:96,0
DA:97,0
DA:105,0
DA:106,0
DA:109,0
DA:114,0
DA:117,0
DA:124,0
DA:126,0
DA:127,0
DA:130,0
DA:131,0
DA:133,0
DA:135,0
DA:136,0
DA:137,0
DA:139,0
DA:140,0
DA:142,0
DA:143,0
DA:145,0
DA:150,0
DA:157,0
DA:159,0
DA:167,0
DA:169,0
DA:172,0
DA:175,0
DA:178,0
DA:180,0
DA:181,0
DA:182,0
DA:183,0
DA:187,0
DA:188,0
DA:190,0
DA:197,0
DA:200,0
DA:203,0
DA:210,1
DA:212,1
DA:215,1
DA:218,1
DA:221,1
DA:222,1
DA:226,1
DA:232,1
DA:233,1
DA:234,2
DA:237,1
DA:238,1
DA:239,1
DA:241,1
DA:248,1
DA:254,1
DA:255,1
DA:256,1
DA:260,3
DA:261,3
DA:271,1
DA:272,1
DA:273,1
DA:279,1
DA:280,1
DA:282,1
DA:283,0
DA:286,1
DA:294,1
DA:306,0
DA:310,0
DA:311,0
DA:322,0
DA:328,9
LF:122
LH:56
BRDA:18,0,0,9
BRDA:18,0,1,9
BRDA:38,1,0,0
BRDA:38,1,1,1
BRDA:42,2,0,0
BRDA:42,2,1,1
BRDA:46,3,0,1
BRDA:46,3,1,0
BRDA:75,4,0,0
BRDA:75,4,1,0
BRDA:87,5,0,0
BRDA:87,5,1,0
BRDA:94,6,0,0
BRDA:94,6,1,0
BRDA:105,7,0,0
BRDA:105,7,1,0
BRDA:142,8,0,0
BRDA:142,8,1,0
BRDA:178,9,0,0
BRDA:178,9,1,0
BRDA:183,10,0,0
BRDA:183,10,1,0
BRDA:184,11,0,0
BRDA:184,11,1,0
BRDA:221,12,0,1
BRDA:221,12,1,0
BRDA:248,13,0,1
BRDA:248,13,1,0
BRDA:249,14,0,1
BRDA:249,14,1,1
BRDA:249,14,2,1
BRDA:249,14,3,1
BRDA:260,15,0,3
BRDA:260,15,1,0
BRDA:260,16,0,3
BRDA:260,16,1,2
BRDA:282,17,0,0
BRDA:282,17,1,1
BRDA:300,18,0,1
BRDA:300,18,1,0
BRDA:310,19,0,0
BRDA:310,19,1,0
BRF:42
BRH:16
end_of_record
TN:
SF:routes/actuadores.js
FN:3,actuadores
FN:7,obtenerActuadores
FN:23,obtenerActuador
FN:33,crearActuador
FN:55,modificarActuador
FN:77,eliminarActuador
FN:93,(anonymous_6)
FN:104,(anonymous_7)
FN:117,(anonymous_8)
FN:128,(anonymous_9)
FN:143,(anonymous_10)
FNF:11
FNH:11
FNDA:9,actuadores
FNDA:2,obtenerActuadores
FNDA:1,obtenerActuador
FNDA:1,crearActuador
FNDA:1,modificarActuador
FNDA:1,eliminarActuador
FNDA:2,(anonymous_6)
FNDA:1,(anonymous_7)
FNDA:1,(anonymous_8)
FNDA:1,(anonymous_9)
FNDA:1,(anonymous_10)
DA:4,9
DA:8,2
DA:10,2
DA:11,2
DA:15,2
DA:16,2
DA:18,0
DA:24,1
DA:25,1
DA:26,1
DA:28,0
DA:34,1
DA:35,1
DA:37,1
DA:40,1
DA:43,1
DA:48,1
DA:50,0
DA:56,1
DA:58,1
DA:61,1
DA:64,1
DA:70,1
DA:72,0
DA:78,1
DA:79,1
DA:80,1
DA:82,0
DA:89,9
DA:94,2
DA:95,2
DA:100,9
DA:105,1
DA:108,1
DA:113,9
DA:118,1
DA:119,1
DA:124,9
DA:129,1
DA:134,1
DA:139,9
DA:144,1
DA:145,1
DA:150,9
DA:151,9
LF:45
LH:40
BRF:0
BRH:0
end_of_record
TN:
SF:routes/ingresar.js
FN:3,ingresar
FN:8,obtenerUsuario
FN:39,(anonymous_2)
FNF:3
FNH:3
FNDA:9,ingresar
FNDA:12,obtenerUsuario
FNDA:12,(anonymous_2)
DA:4,9
DA:5,9
DA:9,12
DA:10,12
DA:12,12
DA:13,10
DA:14,10
DA:16,10
DA:22,9
DA:23,9
DA:26,1
DA:29,2
DA:36,9
DA:40,12
DA:45,12
DA:50,9
DA:51,9
LF:17
LH:17
BRDA:16,0,0,9
BRDA:16,0,1,1
BRDA:17,1,0,10
BRDA:17,1,1,10
BRF:4
BRH:4
end_of_record
TN:
SF:routes/logs.js
FN:3,logs
FN:9,obtenerLogs
FN:29,obtenerLogsActuador
FN:47,(anonymous_3)
FN:65,(anonymous_4)
FN:76,(anonymous_5)
FNF:6
FNH:6
FNDA:9,logs
FNDA:1,obtenerLogs
FNDA:2,obtenerLogsActuador
FNDA:1,(anonymous_3)
FNDA:1,(anonymous_4)
FNDA:2,(anonymous_5)
DA:4,9
DA:5,9
DA:6,9
DA:10,1
DA:12,1
DA:13,1
DA:21,1
DA:22,1
DA:24,0
DA:30,2
DA:33,2
DA:36,1
DA:46,1
DA:47,1
DA:49,1
DA:54,1
DA:61,9
DA:66,1
DA:67,1
DA:72,9
DA:77,2
DA:80,2
DA:86,9
DA:87,9
LF:24
LH:23
BRF:0
BRH:0
end_of_record
TN:
SF:routes/mediciones.js
FN:3,mediciones
FN:8,obtenerMediciones
FN:29,obtenerMedicionesSensor
FN:48,(anonymous_3)
FN:65,(anonymous_4)
FN:76,(anonymous_5)
FNF:6
FNH:6
FNDA:9,mediciones
FNDA:1,obtenerMediciones
FNDA:2,obtenerMedicionesSensor
FNDA:5,(anonymous_3)
FNDA:1,(anonymous_4)
FNDA:2,(anonymous_5)
DA:4,9
DA:5,9
DA:9,1
DA:11,1
DA:12,1
DA:20,1
DA:21,1
DA:22,1
DA:24,0
DA:30,2
DA:32,2
DA:36,1
DA:47,1
DA:48,5
DA:49,1
DA:54,1
DA:61,9
DA:66,1
DA:67,1
DA:72,9
DA:77,2
DA:80,2
DA:85,9
DA:86,9
LF:24
LH:23
BRF:0
BRH:0
end_of_record
TN:
SF:routes/nodos.js
FN:3,nodos
FN:8,obtenerNodos
FN:25,obtenerNodo
FN:35,crearNodo
FN:55,modificarNodo
FN:91,eliminarNodo
FN:107,(anonymous_6)
FN:118,(anonymous_7)
FN:131,(anonymous_8)
FN:142,(anonymous_9)
FN:156,(anonymous_10)
FNF:11
FNH:11
FNDA:9,nodos
FNDA:2,obtenerNodos
FNDA:1,obtenerNodo
FNDA:1,crearNodo
FNDA:1,modificarNodo
FNDA:1,eliminarNodo
FNDA:2,(anonymous_6)
FNDA:1,(anonymous_7)
FNDA:1,(anonymous_8)
FNDA:1,(anonymous_9)
FNDA:1,(anonymous_10)
DA:4,9
DA:5,9
DA:9,2
DA:10,2
DA:13,2
DA:17,2
DA:18,2
DA:20,0
DA:26,1
DA:27,1
DA:28,1
DA:30,0
DA:36,1
DA:37,1
DA:40,1
DA:41,1
DA:43,1
DA:48,1
DA:50,0
DA:56,1
DA:57,1
DA:60,1
DA:61,1
DA:62,1
DA:63,0
DA:65,0
DA:69,0
DA:72,1
DA:84,1
DA:86,0
DA:92,1
DA:93,1
DA:94,1
DA:96,0
DA:103,9
DA:108,2
DA:109,2
DA:114,9
DA:119,1
DA:122,1
DA:127,9
DA:132,1
DA:133,1
DA:138,9
DA:143,1
DA:147,1
DA:152,9
DA:157,1
DA:162,1
DA:167,9
DA:168,9
LF:51
LH:43
BRDA:62,0,0,0
BRDA:62,0,1,1
BRDA:79,1,0,1
BRDA:79,1,1,0
BRDA:80,2,0,1
BRDA:80,2,1,0
BRDA:81,3,0,1
BRDA:81,3,1,0
BRDA:82,4,0,1
BRDA:82,4,1,0
BRF:10
BRH:5
end_of_record
TN:
SF:routes/reglas.js
FN:3,reglas
FN:7,obtenerReglas
FN:23,obtenerRegla
FN:33,crearRegla
FN:51,modificarRegla
FN:71,eliminarRegla
FN:87,(anonymous_6)
FN:98,(anonymous_7)
FN:111,(anonymous_8)
FN:122,(anonymous_9)
FN:137,(anonymous_10)
FNF:11
FNH:11
FNDA:9,reglas
FNDA:2,obtenerReglas
FNDA:1,obtenerRegla
FNDA:1,crearRegla
FNDA:1,modificarRegla
FNDA:1,eliminarRegla
FNDA:2,(anonymous_6)
FNDA:1,(anonymous_7)
FNDA:1,(anonymous_8)
FNDA:1,(anonymous_9)
FNDA:1,(anonymous_10)
DA:4,9
DA:8,2
DA:10,2
DA:11,2
DA:15,2
DA:16,2
DA:18,0
DA:24,1
DA:25,1
DA:26,1
DA:28,0
DA:34,1
DA:35,1
DA:39,1
DA:44,1
DA:46,0
DA:52,1
DA:53,1
DA:57,1
DA:64,1
DA:66,0
DA:72,1
DA:73,1
DA:74,1
DA:76,0
DA:83,9
DA:88,2
DA:89,2
DA:94,9
DA:99,1
DA:102,1
DA:107,9
DA:112,1
DA:113,1
DA:118,9
DA:123,1
DA:128,1
DA:133,9
DA:138,1
DA:143,1
DA:148,9
DA:149,9
LF:42
LH:37
BRF:0
BRH:0
end_of_record
TN:
SF:routes/sensores.js
FN:3,sensores
FN:6,obtenerSensores
FN:23,obtenerSensor
FN:33,crearSensor
FN:55,modificarSensor
FN:78,eliminarSensor
FN:94,(anonymous_6)
FN:105,(anonymous_7)
FN:118,(anonymous_8)
FN:129,(anonymous_9)
FN:144,(anonymous_10)
FNF:11
FNH:11
FNDA:9,sensores
FNDA:2,obtenerSensores
FNDA:1,obtenerSensor
FNDA:1,crearSensor
FNDA:1,modificarSensor
FNDA:1,eliminarSensor
FNDA:2,(anonymous_6)
FNDA:1,(anonymous_7)
FNDA:1,(anonymous_8)
FNDA:1,(anonymous_9)
FNDA:1,(anonymous_10)
DA:4,9
DA:7,2
DA:9,2
DA:10,2
DA:15,2
DA:16,2
DA:18,0
DA:24,1
DA:25,1
DA:26,1
DA:28,0
DA:34,1
DA:35,1
DA:37,1
DA:40,1
DA:43,1
DA:48,1
DA:50,0
DA:56,1
DA:58,1
DA:62,1
DA:65,1
DA:71,1
DA:73,0
DA:79,1
DA:80,1
DA:81,1
DA:83,0
DA:90,9
DA:95,2
DA:96,2
DA:101,9
DA:106,1
DA:109,1
DA:114,9
DA:119,1
DA:120,1
DA:125,9
DA:130,1
DA:135,1
DA:140,9
DA:145,1
DA:146,1
DA:151,9
DA:152,9
LF:45
LH:40
BRF:0
BRH:0
end_of_record
TN:
SF:routes/usuarios.js
FN:6,usuarios
FN:10,obtenerUsuarios
FN:28,obtenerUsuario
FN:42,crearUsuario
FN:60,modificarUsuario
FN:79,eliminarUsuario
FN:95,(anonymous_6)
FN:106,(anonymous_7)
FN:119,(anonymous_8)
FN:130,(anonymous_9)
FN:145,(anonymous_10)
FNF:11
FNH:11
FNDA:9,usuarios
FNDA:2,obtenerUsuarios
FNDA:2,obtenerUsuario
FNDA:1,crearUsuario
FNDA:1,modificarUsuario
FNDA:1,eliminarUsuario
FNDA:2,(anonymous_6)
FNDA:1,(anonymous_7)
FNDA:2,(anonymous_8)
FNDA:1,(anonymous_9)
FNDA:1,(anonymous_10)
DA:4,9
DA:7,9
DA:11,2
DA:13,2
DA:14,2
DA:20,2
DA:21,2
DA:23,0
DA:29,2
DA:30,2
DA:31,2
DA:32,1
DA:33,1
DA:35,1
DA:37,0
DA:43,1
DA:44,1
DA:45,1
DA:46,1
DA:48,1
DA:53,1
DA:55,0
DA:61,1
DA:62,1
DA:63,1
DA:65,1
DA:71,1
DA:74,0
DA:80,1
DA:81,1
DA:82,1
DA:84,0
DA:91,9
DA:96,2
DA:97,2
DA:102,9
DA:107,1
DA:110,1
DA:115,9
DA:120,2
DA:121,2
DA:126,9
DA:131,1
DA:136,1
DA:141,9
DA:146,1
DA:147,1
DA:152,9
DA:153,9
LF:49
LH:44
BRDA:31,0,0,1
BRDA:31,0,1,1
BRF:2
BRH:2
end_of_record
